#
# A fatal error has been detected by the Java Runtime Environment:
#
#  EXCEPTION_ACCESS_VIOLATION (0xc0000005) at pc=0x00007ffa06c0e186, pid=15140, tid=6432
#
# JRE version: OpenJDK Runtime Environment (21.0.1+12) (build 21.0.1+12-29)
# Java VM: OpenJDK 64-Bit Server VM (21.0.1+12-29, mixed mode, sharing, tiered, compressed oops, compressed class ptrs, g1 gc, windows-amd64)
# Problematic frame:
# V  [jvm.dll+0x13e186]
#
# No core dump will be written. Minidumps are not enabled by default on client versions of Windows
#
# If you would like to submit a bug report, please visit:
#   https://bugreport.java.com/bugreport/crash.jsp
#

---------------  S U M M A R Y ------------

Command Line: --module-path=C:\Users\xdung\Downloads\openjfx-21.0.1_windows-x64_bin-sdk\javafx-sdk-21.0.1\lib --add-modules=javafx.controls,javafx.fxml,javafx.web -javaagent:C:\Program Files\JetBrains\IntelliJ IDEA 2023.2\lib\idea_rt.jar=55407:C:\Program Files\JetBrains\IntelliJ IDEA 2023.2\bin -Dfile.encoding=UTF-8 -Dsun.stdout.encoding=UTF-8 -Dsun.stderr.encoding=UTF-8 App.DictionaryApp

Host: Intel(R) Core(TM) i5-6300U CPU @ 2.40GHz, 4 cores, 11G,  Windows 10 , 64 bit Build 19041 (10.0.19041.3636)
Time: Sat Nov 18 14:22:30 2023 SE Asia Standard Time elapsed time: 37.798232 seconds (0d 0h 0m 37s)

---------------  T H R E A D  ---------------

Current thread (0x0000019ed77044c0):  WorkerThread "G1 Conc#0"      [id=6432, stack(0x0000008f25f00000,0x0000008f26000000) (1024K)]

Stack: [0x0000008f25f00000,0x0000008f26000000],  sp=0x0000008f25fff4e8,  free space=1021k
Native frames: (J=compiled Java code, j=interpreted, Vv=VM code, C=native code)
V  [jvm.dll+0x13e186]


siginfo: EXCEPTION_ACCESS_VIOLATION (0xc0000005), reading address 0x0000019e900022c8


Registers:
RAX=0x2000000000000920, RBX=0x0000019ed7705201, RCX=0x000000074467fc08, RDX=0x000000074467fc08
RSP=0x0000008f25fff4e8, RBP=0x0000000000000000, RSI=0x0000019ed76f6110, RDI=0x000000074467fc08
R8 =0x0000019e900022c0, R9 =0x0000000000000013, R10=0x0000019ed76b38d0, R11=0x0000000000000003
R12=0x0000000000000000, R13=0x0000019ed7704c48, R14=0x0000019e8000eb70, R15=0x000000074467fbf0
RIP=0x00007ffa06c0e186, EFLAGS=0x0000000000010206


Register to memory mapping:

RAX=0x2000000000000920 is an unknown value
RBX=0x0000019ed7705201 points into unknown readable memory: 00 00 00 00 00 00 00
RCX=
[error occurred during error reporting (printing register info), id 0xc0000005, EXCEPTION_ACCESS_VIOLATION (0xc0000005) at pc=0x00007ffa06c0e186]
RDX=
[error occurred during error reporting (printing register info, attempt 2), id 0xc0000005, EXCEPTION_ACCESS_VIOLATION (0xc0000005) at pc=0x00007ffa06c0e186]
RSP=0x0000008f25fff4e8 points into unknown readable memory: 0x00007ffa06deafea | ea af de 06 fa 7f 00 00
RBP=0x0 is null
RSI=0x0000019ed76f6110 points into unknown readable memory: 0x0000019ed7702800 | 00 28 70 d7 9e 01 00 00
RDI=
[error occurred during error reporting (printing register info, attempt 3), id 0xc0000005, EXCEPTION_ACCESS_VIOLATION (0xc0000005) at pc=0x00007ffa06c0e186]
Top of Stack: (sp=0x0000008f25fff4e8)
0x0000008f25fff4e8:   00007ffa06deafea 0000000000000000
0x0000008f25fff4f8:   000000000004c4b4 00002b63025710cc
0x0000008f25fff508:   00007ffa06deadbf 000000074467fc08
0x0000008f25fff518:   00007ffa06deadbf 0000019ed7705230
0x0000008f25fff528:   0000008f25fff670 0000019e8000eb68
0x0000008f25fff538:   00007ffa07191bac 000000074467fc08
0x0000008f25fff548:   00007ffa06de872d 000000074467fc04
0x0000008f25fff558:   00007ffa06e0525e 0000008f25fff590
0x0000008f25fff568:   0000000000000800 0000019ed7704870
0x0000008f25fff578:   0000000000000000 000000074467fbf0
0x0000008f25fff588:   00007ffa06de8372 0000019e8000e8d8
0x0000008f25fff598:   0000000000000003 0000008f25fff670
0x0000008f25fff5a8:   0000000000000000 000000074467fbf0
0x0000008f25fff5b8:   00007ffa06e03c5a 0000019ed7705230
0x0000008f25fff5c8:   0000000000000040 00000000000002fe
0x0000008f25fff5d8:   0000019ed76bb620 0000000000000001
0x0000008f25fff5e8:   0000019ed7705230 0000008f25eff501
0x0000008f25fff5f8:   0000000000000000 0000019ed7705230
0x0000008f25fff608:   00007ffa06e02ec0 0000019ed7705230
0x0000008f25fff618:   0000008f25eff501 000000074467fbf0
0x0000008f25fff628:   0000000000000000 0000019ed76f6110
0x0000008f25fff638:   0000019ed7705230 0000000746800000
0x0000008f25fff648:   0000000000040000 0000000746600000
0x0000008f25fff658:   0000000000040000 0000000000000000
0x0000008f25fff668:   000000000002625a 00007ffa074a09a8
0x0000008f25fff678:   0000019ed7703e30 0000008f00000003
0x0000008f25fff688:   0000019ed76b38d0 0000019ed7705230
0x0000008f25fff698:   00007ffa07168863 c215b08487ffef9e
0x0000008f25fff6a8:   0000000000000000 0000000000000000
0x0000008f25fff6b8:   0000000000000000 0000019ed7704870
0x0000008f25fff6c8:   0000019ed7703498 0000019ed7704c48
0x0000008f25fff6d8:   0000000000000000 0000019ed76a3b00 

Instructions: (pc=0x00007ffa06c0e186)
0x00007ffa06c0e086:   4c 63 c0 41 8b c1 48 c1 f8 10 48 63 14 19 41 8b
0x00007ffa06c0e096:   c9 83 e1 3f 48 d3 e2 0f b6 c8 49 8d 04 10 49 f7
0x00007ffa06c0e0a6:   d0 48 03 c8 49 c1 e8 03 48 c1 e9 03 49 23 c8 eb
0x00007ffa06c0e0b6:   12 49 8b 00 48 8b d3 49 8b c8 ff 90 00 01 00 00
0x00007ffa06c0e0c6:   48 8b c8 48 89 1f 48 8b c7 48 8b 5c 24 30 48 89
0x00007ffa06c0e0d6:   4f 08 48 83 c4 20 5f c3 cc cc 0f b6 05 37 d4 a7
0x00007ffa06c0e0e6:   00 48 8b d1 84 c0 74 16 44 8b 41 08 8b 0d 80 be
0x00007ffa06c0e0f6:   a7 00 49 d3 e0 4c 03 05 6e be a7 00 eb 04 4c 8b
0x00007ffa06c0e106:   41 08 45 8b 48 08 45 85 c9 7e 0e 41 f6 c1 01 75
0x00007ffa06c0e116:   53 41 c1 f9 03 49 63 c1 c3 79 49 84 c0 41 b8 0c
0x00007ffa06c0e126:   00 00 00 8b 05 89 cf a7 00 b9 10 00 00 00 41 0f
0x00007ffa06c0e136:   45 c8 ff c8 4c 63 c0 41 8b c1 48 c1 f8 10 0f b6
0x00007ffa06c0e146:   c0 48 63 14 11 41 8b c9 83 e1 3f 48 d3 e2 49 8d
0x00007ffa06c0e156:   0c 10 49 f7 d0 48 03 c1 49 c1 e8 03 48 c1 e8 03
0x00007ffa06c0e166:   49 23 c0 c3 49 8b 00 49 8b c8 48 ff a0 00 01 00
0x00007ffa06c0e176:   00 cc cc cc cc cc cc cc cc cc 4c 8b c2 48 8b d1
0x00007ffa06c0e186:   45 8b 48 08 45 85 c9 7e 0e 41 f6 c1 01 75 56 41
0x00007ffa06c0e196:   c1 f9 03 49 63 c1 c3 79 4c 80 3d 78 d3 a7 00 00
0x00007ffa06c0e1a6:   b8 0c 00 00 00 b9 10 00 00 00 0f 45 c8 8b 05 ff
0x00007ffa06c0e1b6:   ce a7 00 ff c8 4c 63 c0 41 8b c1 48 c1 f8 10 48
0x00007ffa06c0e1c6:   63 14 11 41 8b c9 83 e1 3f 0f b6 c0 48 d3 e2 49
0x00007ffa06c0e1d6:   8d 0c 10 49 f7 d0 48 03 c1 49 c1 e8 03 48 c1 e8
0x00007ffa06c0e1e6:   03 49 23 c0 c3 49 8b 00 49 8b c8 48 ff a0 00 01
0x00007ffa06c0e1f6:   00 00 cc cc cc cc cc cc cc cc 48 83 ec 28 ba 37
0x00007ffa06c0e206:   00 00 00 48 8d 0d 78 6b 85 00 e8 db 28 14 00 cc
0x00007ffa06c0e216:   cc cc cc cc cc cc cc cc cc cc 40 53 48 83 ec 20
0x00007ffa06c0e226:   48 8b d9 49 8b c0 33 c9 45 0f b6 c1 48 89 0b 48
0x00007ffa06c0e236:   89 4b 08 48 8b cb 48 89 53 10 48 8b d0 e8 a8 09
0x00007ffa06c0e246:   00 00 48 8b c3 48 83 c4 20 5b c3 cc cc cc cc cc
0x00007ffa06c0e256:   cc cc cc cc cc cc cc cc cc cc 40 53 48 83 ec 20
0x00007ffa06c0e266:   33 c0 44 88 41 10 45 0f b6 c1 48 89 01 48 89 41
0x00007ffa06c0e276:   08 48 8b d9 e8 81 0a 00 00 48 8b c3 48 83 c4 20 


Stack slot to memory mapping:

stack at sp + 0 slots: 0x00007ffa06deafea jvm.dll
stack at sp + 1 slots: 0x0 is null
stack at sp + 2 slots: 0x000000000004c4b4 is an unknown value
stack at sp + 3 slots: 0x00002b63025710cc is an unknown value
stack at sp + 4 slots: 0x00007ffa06deadbf jvm.dll
stack at sp + 5 slots: 
[error occurred during error reporting (inspecting top of stack), id 0xc0000005, EXCEPTION_ACCESS_VIOLATION (0xc0000005) at pc=0x00007ffa06c0e186]
stack at sp + 6 slots: 0x00007ffa06deadbf jvm.dll
stack at sp + 7 slots: 0x0000019ed7705230 points into unknown readable memory: 0x00007ffa074a0988 | 88 09 4a 07 fa 7f 00 00


---------------  P R O C E S S  ---------------

Threads class SMR info:
_java_thread_list=0x0000019efbcaf3d0, length=21, elements={
0x0000019ed75386b0, 0x0000019ef6a45c80, 0x0000019ef6a46d50, 0x0000019ef6a492c0,
0x0000019ef6a4bee0, 0x0000019ef6a4c940, 0x0000019ef6a4d3a0, 0x0000019ef6a4e130,
0x0000019ef6a74c20, 0x0000019ef6c72a10, 0x0000019efba15cc0, 0x0000019efba16330,
0x0000019efb5bc080, 0x0000019efbb3cc60, 0x0000019ef6c82480, 0x0000019efc042c40,
0x0000019efc0432b0, 0x0000019ec3147e50, 0x0000019ec3146aa0, 0x0000019ec31484e0,
0x0000019efb465ed0
}

Java Threads: ( => current thread )
  0x0000019ed75386b0 JavaThread "main"                              [_thread_blocked, id=15052, stack(0x0000008f25c00000,0x0000008f25d00000) (1024K)]
  0x0000019ef6a45c80 JavaThread "Reference Handler"          daemon [_thread_blocked, id=2472, stack(0x0000008f26400000,0x0000008f26500000) (1024K)]
  0x0000019ef6a46d50 JavaThread "Finalizer"                  daemon [_thread_blocked, id=4124, stack(0x0000008f26500000,0x0000008f26600000) (1024K)]
  0x0000019ef6a492c0 JavaThread "Signal Dispatcher"          daemon [_thread_blocked, id=5008, stack(0x0000008f26600000,0x0000008f26700000) (1024K)]
  0x0000019ef6a4bee0 JavaThread "Attach Listener"            daemon [_thread_blocked, id=8544, stack(0x0000008f26700000,0x0000008f26800000) (1024K)]
  0x0000019ef6a4c940 JavaThread "Service Thread"             daemon [_thread_blocked, id=1372, stack(0x0000008f26800000,0x0000008f26900000) (1024K)]
  0x0000019ef6a4d3a0 JavaThread "Monitor Deflation Thread"   daemon [_thread_blocked, id=14920, stack(0x0000008f26900000,0x0000008f26a00000) (1024K)]
  0x0000019ef6a4e130 JavaThread "C2 CompilerThread0"         daemon [_thread_blocked, id=15056, stack(0x0000008f26a00000,0x0000008f26b00000) (1024K)]
  0x0000019ef6a74c20 JavaThread "C1 CompilerThread0"         daemon [_thread_blocked, id=11420, stack(0x0000008f26b00000,0x0000008f26c00000) (1024K)]
  0x0000019ef6c72a10 JavaThread "Common-Cleaner"             daemon [_thread_blocked, id=2712, stack(0x0000008f26c00000,0x0000008f26d00000) (1024K)]
  0x0000019efba15cc0 JavaThread "Monitor Ctrl-Break"         daemon [_thread_in_native, id=14984, stack(0x0000008f26e00000,0x0000008f26f00000) (1024K)]
  0x0000019efba16330 JavaThread "Notification Thread"        daemon [_thread_blocked, id=15200, stack(0x0000008f26f00000,0x0000008f27000000) (1024K)]
  0x0000019efb5bc080 JavaThread "QuantumRenderer-0"          daemon [_thread_blocked, id=6520, stack(0x0000008f27300000,0x0000008f27400000) (1024K)]
  0x0000019efbb3cc60 JavaThread "InvokeLaterDispatcher"      daemon [_thread_blocked, id=6056, stack(0x0000008f27400000,0x0000008f27500000) (1024K)]
  0x0000019ef6c82480 JavaThread "JavaFX Application Thread"         [_thread_in_native, id=9904, stack(0x0000008f26d00000,0x0000008f26e00000) (1024K)]
  0x0000019efc042c40 JavaThread "JavaFX-Launcher"                   [_thread_blocked, id=15236, stack(0x0000008f27900000,0x0000008f27a00000) (1024K)]
  0x0000019efc0432b0 JavaThread "Thread-2"                   daemon [_thread_in_native, id=13424, stack(0x0000008f27800000,0x0000008f27900000) (1024K)]
  0x0000019ec3147e50 JavaThread "Prism Font Disposer"        daemon [_thread_blocked, id=14484, stack(0x0000008f27e00000,0x0000008f27f00000) (1024K)]
  0x0000019ec3146aa0 JavaThread "Cleaner-0"                  daemon [_thread_blocked, id=14308, stack(0x0000008f28000000,0x0000008f28100000) (1024K)]
  0x0000019ec31484e0 JavaThread "mysql-cj-abandoned-connection-cleanup" daemon [_thread_blocked, id=13276, stack(0x0000008f27a00000,0x0000008f27b00000) (1024K)]
  0x0000019efb465ed0 JavaThread "C2 CompilerThread1"         daemon [_thread_blocked, id=14632, stack(0x0000008f28100000,0x0000008f28200000) (1024K)]
Total: 21

Other Threads:
  0x0000019ef6a26ac0 VMThread "VM Thread"                           [id=7608, stack(0x0000008f26300000,0x0000008f26400000) (1024K)]
  0x0000019ef6a0e070 WatcherThread "VM Periodic Task Thread"        [id=13988, stack(0x0000008f26200000,0x0000008f26300000) (1024K)]
  0x0000019ed76f5a20 WorkerThread "GC Thread#0"                     [id=9120, stack(0x0000008f25d00000,0x0000008f25e00000) (1024K)]
  0x0000019ef6ccd200 WorkerThread "GC Thread#1"                     [id=2732, stack(0x0000008f27000000,0x0000008f27100000) (1024K)]
  0x0000019efb9040b0 WorkerThread "GC Thread#2"                     [id=12556, stack(0x0000008f27100000,0x0000008f27200000) (1024K)]
  0x0000019efc352aa0 WorkerThread "GC Thread#3"                     [id=1568, stack(0x0000008f27200000,0x0000008f27300000) (1024K)]
  0x0000019ed7702800 ConcurrentGCThread "G1 Main Marker"            [id=3348, stack(0x0000008f25e00000,0x0000008f25f00000) (1024K)]
=>0x0000019ed77044c0 WorkerThread "G1 Conc#0"                       [id=6432, stack(0x0000008f25f00000,0x0000008f26000000) (1024K)]
  0x0000019ef68e2090 ConcurrentGCThread "G1 Refine#0"               [id=13976, stack(0x0000008f26000000,0x0000008f26100000) (1024K)]
  0x0000019ef68e2c00 ConcurrentGCThread "G1 Service"                [id=11636, stack(0x0000008f26100000,0x0000008f26200000) (1024K)]
Total: 10

Threads with active compile tasks:
C1 CompilerThread0    38026 4024       3       com.sun.javafx.sg.prism.NGNode::getClippedBounds (78 bytes)
Total: 1

VM state: not at safepoint (normal execution)

VM Mutex/Monitor currently owned by a thread:  ([mutex/lock_event])
[0x00007ffa0770a6f8] Heap_lock - owner thread: 0x0000019ef6a74c20

Heap address: 0x0000000742000000, size: 3040 MB, Compressed Oops mode: Zero based, Oop shift amount: 3

CDS archive(s) mapped at: [0x0000019e80000000-0x0000019e80c90000-0x0000019e80c90000), size 13172736, SharedBaseAddress: 0x0000019e80000000, ArchiveRelocationMode: 1.
Compressed class space mapped at: 0x0000019e81000000-0x0000019ec1000000, reserved size: 1073741824
Narrow klass base: 0x0000019e80000000, Narrow klass shift: 0, Narrow klass range: 0x100000000

GC Precious Log:
 CardTable entry size: 512
 Card Set container configuration: InlinePtr #cards 4 size 8 Array Of Cards #cards 16 size 48 Howl #buckets 8 coarsen threshold 3686 Howl Bitmap #cards 512 size 80 coarsen threshold 460 Card regions per heap region 1 cards per card region 4096
 CPUs: 4 total, 4 available
 Memory: 12155M
 Large Page Support: Disabled
 NUMA Support: Disabled
 Compressed Oops: Enabled (Zero based)
 Heap Region Size: 2M
 Heap Min Capacity: 8M
 Heap Initial Capacity: 190M
 Heap Max Capacity: 3040M
 Pre-touch: Disabled
 Parallel Workers: 4
 Concurrent Workers: 1
 Concurrent Refinement Workers: 4
 Periodic GC: Disabled

Heap:
 garbage-first heap   total 356352K, used 143160K [0x0000000742000000, 0x0000000800000000)
  region size 2048K, 14 young (28672K), 11 survivors (22528K)
 Metaspace       used 21510K, committed 21824K, reserved 1114112K
  class space    used 3069K, committed 3264K, reserved 1048576K

Heap Regions: E=young(eden), S=young(survivor), O=old, HS=humongous(starts), HC=humongous(continues), CS=collection set, F=free, TAMS=top-at-mark-start, PB=parsable bottom
|   0|0x0000000742000000, 0x0000000742200000, 0x0000000742200000|100%| O|  |TAMS 0x0000000742200000| PB 0x0000000742000000| Untracked 
|   1|0x0000000742200000, 0x0000000742400000, 0x0000000742400000|100%| O|  |TAMS 0x0000000742400000| PB 0x0000000742200000| Untracked 
|   2|0x0000000742400000, 0x0000000742600000, 0x0000000742600000|100%| O|  |TAMS 0x0000000742600000| PB 0x0000000742400000| Untracked 
|   3|0x0000000742600000, 0x0000000742800000, 0x0000000742800000|100%| O|  |TAMS 0x0000000742800000| PB 0x0000000742600000| Untracked 
|   4|0x0000000742800000, 0x0000000742a00000, 0x0000000742a00000|100%| O|  |TAMS 0x0000000742a00000| PB 0x0000000742800000| Untracked 
|   5|0x0000000742a00000, 0x0000000742c00000, 0x0000000742c00000|100%| O|  |TAMS 0x0000000742c00000| PB 0x0000000742a00000| Untracked 
|   6|0x0000000742c00000, 0x0000000742e00000, 0x0000000742e00000|100%| O|  |TAMS 0x0000000742e00000| PB 0x0000000742c00000| Untracked 
|   7|0x0000000742e00000, 0x0000000743000000, 0x0000000743000000|100%| O|  |TAMS 0x0000000743000000| PB 0x0000000742e00000| Untracked 
|   8|0x0000000743000000, 0x0000000743200000, 0x0000000743200000|100%| O|  |TAMS 0x0000000743200000| PB 0x0000000743000000| Untracked 
|   9|0x0000000743200000, 0x0000000743400000, 0x0000000743400000|100%| O|  |TAMS 0x0000000743400000| PB 0x0000000743200000| Untracked 
|  10|0x0000000743400000, 0x0000000743600000, 0x0000000743600000|100%| O|  |TAMS 0x0000000743600000| PB 0x0000000743400000| Untracked 
|  11|0x0000000743600000, 0x0000000743800000, 0x0000000743800000|100%| O|  |TAMS 0x0000000743800000| PB 0x0000000743600000| Untracked 
|  12|0x0000000743800000, 0x0000000743a00000, 0x0000000743a00000|100%| O|  |TAMS 0x0000000743a00000| PB 0x0000000743800000| Untracked 
|  13|0x0000000743a00000, 0x0000000743c00000, 0x0000000743c00000|100%| O|  |TAMS 0x0000000743c00000| PB 0x0000000743a00000| Untracked 
|  14|0x0000000743c00000, 0x0000000743e00000, 0x0000000743e00000|100%| O|  |TAMS 0x0000000743e00000| PB 0x0000000743c00000| Untracked 
|  15|0x0000000743e00000, 0x0000000744000000, 0x0000000744000000|100%| O|  |TAMS 0x0000000744000000| PB 0x0000000743e00000| Untracked 
|  16|0x0000000744000000, 0x0000000744200000, 0x0000000744200000|100%| O|  |TAMS 0x0000000744200000| PB 0x0000000744000000| Untracked 
|  17|0x0000000744200000, 0x0000000744400000, 0x0000000744400000|100%| O|  |TAMS 0x0000000744400000| PB 0x0000000744200000| Untracked 
|  18|0x0000000744400000, 0x0000000744600000, 0x0000000744600000|100%| O|  |TAMS 0x0000000744600000| PB 0x0000000744400000| Untracked 
|  19|0x0000000744600000, 0x0000000744800000, 0x0000000744800000|100%| O|  |TAMS 0x0000000744800000| PB 0x0000000744600000| Untracked 
|  20|0x0000000744800000, 0x0000000744a00000, 0x0000000744a00000|100%| O|  |TAMS 0x0000000744a00000| PB 0x0000000744800000| Untracked 
|  21|0x0000000744a00000, 0x0000000744c00000, 0x0000000744c00000|100%| O|  |TAMS 0x0000000744c00000| PB 0x0000000744a00000| Untracked 
|  22|0x0000000744c00000, 0x0000000744e00000, 0x0000000744e00000|100%| O|  |TAMS 0x0000000744e00000| PB 0x0000000744c00000| Untracked 
|  23|0x0000000744e00000, 0x0000000745000000, 0x0000000745000000|100%| O|  |TAMS 0x0000000745000000| PB 0x0000000744e00000| Untracked 
|  24|0x0000000745000000, 0x0000000745200000, 0x0000000745200000|100%| O|  |TAMS 0x0000000745200000| PB 0x0000000745000000| Untracked 
|  25|0x0000000745200000, 0x0000000745400000, 0x0000000745400000|100%| O|  |TAMS 0x0000000745400000| PB 0x0000000745200000| Untracked 
|  26|0x0000000745400000, 0x0000000745600000, 0x0000000745600000|100%| O|  |TAMS 0x0000000745600000| PB 0x0000000745400000| Untracked 
|  27|0x0000000745600000, 0x0000000745800000, 0x0000000745800000|100%| O|  |TAMS 0x0000000745800000| PB 0x0000000745600000| Untracked 
|  28|0x0000000745800000, 0x0000000745a00000, 0x0000000745a00000|100%| O|  |TAMS 0x0000000745a00000| PB 0x0000000745800000| Untracked 
|  29|0x0000000745a00000, 0x0000000745c00000, 0x0000000745c00000|100%| O|  |TAMS 0x0000000745c00000| PB 0x0000000745a00000| Untracked 
|  30|0x0000000745c00000, 0x0000000745e00000, 0x0000000745e00000|100%| O|  |TAMS 0x0000000745e00000| PB 0x0000000745c00000| Untracked 
|  31|0x0000000745e00000, 0x0000000746000000, 0x0000000746000000|100%| O|  |TAMS 0x0000000746000000| PB 0x0000000745e00000| Untracked 
|  32|0x0000000746000000, 0x0000000746200000, 0x0000000746200000|100%| O|  |TAMS 0x0000000746200000| PB 0x0000000746000000| Untracked 
|  33|0x0000000746200000, 0x0000000746400000, 0x0000000746400000|100%| O|  |TAMS 0x0000000746400000| PB 0x0000000746200000| Untracked 
|  34|0x0000000746400000, 0x0000000746600000, 0x0000000746600000|100%| O|  |TAMS 0x0000000746600000| PB 0x0000000746400000| Untracked 
|  35|0x0000000746600000, 0x0000000746800000, 0x0000000746800000|100%| O|  |TAMS 0x0000000746800000| PB 0x0000000746600000| Untracked 
|  36|0x0000000746800000, 0x0000000746a00000, 0x0000000746a00000|100%|HS|  |TAMS 0x0000000746a00000| PB 0x0000000746800000| Complete 
|  37|0x0000000746a00000, 0x0000000746c00000, 0x0000000746c00000|100%| O|  |TAMS 0x0000000746c00000| PB 0x0000000746a00000| Untracked 
|  38|0x0000000746c00000, 0x0000000746e00000, 0x0000000746e00000|100%| O|  |TAMS 0x0000000746e00000| PB 0x0000000746c00000| Untracked 
|  39|0x0000000746e00000, 0x0000000747000000, 0x0000000747000000|100%| O|  |TAMS 0x0000000747000000| PB 0x0000000746e00000| Untracked 
|  40|0x0000000747000000, 0x0000000747200000, 0x0000000747200000|100%| O|  |TAMS 0x0000000747200000| PB 0x0000000747000000| Untracked 
|  41|0x0000000747200000, 0x0000000747400000, 0x0000000747400000|100%| O|  |TAMS 0x0000000747400000| PB 0x0000000747200000| Untracked 
|  42|0x0000000747400000, 0x0000000747600000, 0x0000000747600000|100%| O|  |TAMS 0x0000000747600000| PB 0x0000000747400000| Untracked 
|  43|0x0000000747600000, 0x0000000747800000, 0x0000000747800000|100%| O|  |TAMS 0x0000000747800000| PB 0x0000000747600000| Untracked 
|  44|0x0000000747800000, 0x0000000747a00000, 0x0000000747a00000|100%| O|  |TAMS 0x0000000747a00000| PB 0x0000000747800000| Untracked 
|  45|0x0000000747a00000, 0x0000000747c00000, 0x0000000747c00000|100%| O|  |TAMS 0x0000000747ac81a8| PB 0x0000000747a00000| Untracked 
|  46|0x0000000747c00000, 0x0000000747e00000, 0x0000000747e00000|100%|HS|  |TAMS 0x0000000747e00000| PB 0x0000000747c00000| Complete 
|  47|0x0000000747e00000, 0x0000000748000000, 0x0000000748000000|100%| O|  |TAMS 0x0000000747e00000| PB 0x0000000747e00000| Untracked 
|  48|0x0000000748000000, 0x0000000748200000, 0x0000000748200000|100%| O|  |TAMS 0x0000000748000000| PB 0x0000000748000000| Untracked 
|  49|0x0000000748200000, 0x0000000748400000, 0x0000000748400000|100%| O|  |TAMS 0x0000000748200000| PB 0x0000000748200000| Untracked 
|  50|0x0000000748400000, 0x0000000748600000, 0x0000000748600000|100%| O|  |TAMS 0x0000000748400000| PB 0x0000000748400000| Untracked 
|  51|0x0000000748600000, 0x0000000748800000, 0x0000000748800000|100%| O|  |TAMS 0x0000000748600000| PB 0x0000000748600000| Untracked 
|  52|0x0000000748800000, 0x0000000748a00000, 0x0000000748a00000|100%| O|  |TAMS 0x0000000748800000| PB 0x0000000748800000| Untracked 
|  53|0x0000000748a00000, 0x0000000748c00000, 0x0000000748c00000|100%| O|  |TAMS 0x0000000748a00000| PB 0x0000000748a00000| Untracked 
|  54|0x0000000748c00000, 0x0000000748e00000, 0x0000000748e00000|100%| O|  |TAMS 0x0000000748c00000| PB 0x0000000748c00000| Untracked 
|  55|0x0000000748e00000, 0x0000000749000000, 0x0000000749000000|100%| O|  |TAMS 0x0000000748e00000| PB 0x0000000748e00000| Untracked 
|  56|0x0000000749000000, 0x00000007491ce0a0, 0x0000000749200000| 90%| O|  |TAMS 0x0000000749000000| PB 0x0000000749000000| Untracked 
|  57|0x0000000749200000, 0x0000000749200000, 0x0000000749400000|  0%| F|  |TAMS 0x0000000749200000| PB 0x0000000749200000| Untracked 
|  58|0x0000000749400000, 0x0000000749400000, 0x0000000749600000|  0%| F|  |TAMS 0x0000000749400000| PB 0x0000000749400000| Untracked 
|  59|0x0000000749600000, 0x0000000749600000, 0x0000000749800000|  0%| F|  |TAMS 0x0000000749600000| PB 0x0000000749600000| Untracked 
|  60|0x0000000749800000, 0x0000000749800000, 0x0000000749a00000|  0%| F|  |TAMS 0x0000000749800000| PB 0x0000000749800000| Untracked 
|  61|0x0000000749a00000, 0x0000000749a00000, 0x0000000749c00000|  0%| F|  |TAMS 0x0000000749a00000| PB 0x0000000749a00000| Untracked 
|  62|0x0000000749c00000, 0x0000000749c00000, 0x0000000749e00000|  0%| F|  |TAMS 0x0000000749c00000| PB 0x0000000749c00000| Untracked 
|  63|0x0000000749e00000, 0x0000000749e00000, 0x000000074a000000|  0%| F|  |TAMS 0x0000000749e00000| PB 0x0000000749e00000| Untracked 
|  64|0x000000074a000000, 0x000000074a000000, 0x000000074a200000|  0%| F|  |TAMS 0x000000074a000000| PB 0x000000074a000000| Untracked 
|  65|0x000000074a200000, 0x000000074a200000, 0x000000074a400000|  0%| F|  |TAMS 0x000000074a200000| PB 0x000000074a200000| Untracked 
|  66|0x000000074a400000, 0x000000074a400000, 0x000000074a600000|  0%| F|  |TAMS 0x000000074a400000| PB 0x000000074a400000| Untracked 
|  67|0x000000074a600000, 0x000000074a600000, 0x000000074a800000|  0%| F|  |TAMS 0x000000074a600000| PB 0x000000074a600000| Untracked 
|  68|0x000000074a800000, 0x000000074a800000, 0x000000074aa00000|  0%| F|  |TAMS 0x000000074a800000| PB 0x000000074a800000| Untracked 
|  69|0x000000074aa00000, 0x000000074aa00000, 0x000000074ac00000|  0%| F|  |TAMS 0x000000074aa00000| PB 0x000000074aa00000| Untracked 
|  70|0x000000074ac00000, 0x000000074ac00000, 0x000000074ae00000|  0%| F|  |TAMS 0x000000074ac00000| PB 0x000000074ac00000| Untracked 
|  71|0x000000074ae00000, 0x000000074ae00000, 0x000000074b000000|  0%| F|  |TAMS 0x000000074ae00000| PB 0x000000074ae00000| Untracked 
|  72|0x000000074b000000, 0x000000074b000000, 0x000000074b200000|  0%| F|  |TAMS 0x000000074b000000| PB 0x000000074b000000| Untracked 
|  73|0x000000074b200000, 0x000000074b200000, 0x000000074b400000|  0%| F|  |TAMS 0x000000074b200000| PB 0x000000074b200000| Untracked 
|  74|0x000000074b400000, 0x000000074b400000, 0x000000074b600000|  0%| F|  |TAMS 0x000000074b400000| PB 0x000000074b400000| Untracked 
|  75|0x000000074b600000, 0x000000074b600000, 0x000000074b800000|  0%| F|  |TAMS 0x000000074b600000| PB 0x000000074b600000| Untracked 
|  76|0x000000074b800000, 0x000000074b800000, 0x000000074ba00000|  0%| F|  |TAMS 0x000000074b800000| PB 0x000000074b800000| Untracked 
|  77|0x000000074ba00000, 0x000000074ba00000, 0x000000074bc00000|  0%| F|  |TAMS 0x000000074ba00000| PB 0x000000074ba00000| Untracked 
|  78|0x000000074bc00000, 0x000000074bc00000, 0x000000074be00000|  0%| F|  |TAMS 0x000000074bc00000| PB 0x000000074bc00000| Untracked 
|  79|0x000000074be00000, 0x000000074be00000, 0x000000074c000000|  0%| F|  |TAMS 0x000000074be00000| PB 0x000000074be00000| Untracked 
|  80|0x000000074c000000, 0x000000074c000000, 0x000000074c200000|  0%| F|  |TAMS 0x000000074c000000| PB 0x000000074c000000| Untracked 
|  81|0x000000074c200000, 0x000000074c400000, 0x000000074c400000|100%| S|CS|TAMS 0x000000074c200000| PB 0x000000074c200000| Complete 
|  82|0x000000074c400000, 0x000000074c600000, 0x000000074c600000|100%| S|CS|TAMS 0x000000074c400000| PB 0x000000074c400000| Complete 
|  83|0x000000074c600000, 0x000000074c800000, 0x000000074c800000|100%| S|CS|TAMS 0x000000074c600000| PB 0x000000074c600000| Complete 
|  84|0x000000074c800000, 0x000000074ca00000, 0x000000074ca00000|100%| S|CS|TAMS 0x000000074c800000| PB 0x000000074c800000| Complete 
|  85|0x000000074ca00000, 0x000000074cc00000, 0x000000074cc00000|100%| S|CS|TAMS 0x000000074ca00000| PB 0x000000074ca00000| Complete 
|  86|0x000000074cc00000, 0x000000074ce00000, 0x000000074ce00000|100%| S|CS|TAMS 0x000000074cc00000| PB 0x000000074cc00000| Complete 
|  87|0x000000074ce00000, 0x000000074d000000, 0x000000074d000000|100%| S|CS|TAMS 0x000000074ce00000| PB 0x000000074ce00000| Complete 
|  88|0x000000074d000000, 0x000000074d200000, 0x000000074d200000|100%| S|CS|TAMS 0x000000074d000000| PB 0x000000074d000000| Complete 
|  89|0x000000074d200000, 0x000000074d400000, 0x000000074d400000|100%| S|CS|TAMS 0x000000074d200000| PB 0x000000074d200000| Complete 
|  90|0x000000074d400000, 0x000000074d600000, 0x000000074d600000|100%| S|CS|TAMS 0x000000074d400000| PB 0x000000074d400000| Complete 
|  91|0x000000074d600000, 0x000000074d800000, 0x000000074d800000|100%| S|CS|TAMS 0x000000074d600000| PB 0x000000074d600000| Complete 
|  92|0x000000074d800000, 0x000000074d800000, 0x000000074da00000|  0%| F|  |TAMS 0x000000074d800000| PB 0x000000074d800000| Untracked 
|  93|0x000000074da00000, 0x000000074da00000, 0x000000074dc00000|  0%| F|  |TAMS 0x000000074da00000| PB 0x000000074da00000| Untracked 
|  94|0x000000074dc00000, 0x000000074dc00000, 0x000000074de00000|  0%| F|  |TAMS 0x000000074dc00000| PB 0x000000074dc00000| Untracked 
|  95|0x000000074de00000, 0x000000074de00000, 0x000000074e000000|  0%| F|  |TAMS 0x000000074de00000| PB 0x000000074de00000| Untracked 
|  96|0x000000074e000000, 0x000000074e000000, 0x000000074e200000|  0%| F|  |TAMS 0x000000074e000000| PB 0x000000074e000000| Untracked 
|  97|0x000000074e200000, 0x000000074e200000, 0x000000074e400000|  0%| F|  |TAMS 0x000000074e200000| PB 0x000000074e200000| Untracked 
|  98|0x000000074e400000, 0x000000074e400000, 0x000000074e600000|  0%| F|  |TAMS 0x000000074e400000| PB 0x000000074e400000| Untracked 
|  99|0x000000074e600000, 0x000000074e600000, 0x000000074e800000|  0%| F|  |TAMS 0x000000074e600000| PB 0x000000074e600000| Untracked 
| 100|0x000000074e800000, 0x000000074e800000, 0x000000074ea00000|  0%| F|  |TAMS 0x000000074e800000| PB 0x000000074e800000| Untracked 
| 101|0x000000074ea00000, 0x000000074ea00000, 0x000000074ec00000|  0%| F|  |TAMS 0x000000074ea00000| PB 0x000000074ea00000| Untracked 
| 102|0x000000074ec00000, 0x000000074ec00000, 0x000000074ee00000|  0%| F|  |TAMS 0x000000074ec00000| PB 0x000000074ec00000| Untracked 
| 103|0x000000074ee00000, 0x000000074ee00000, 0x000000074f000000|  0%| F|  |TAMS 0x000000074ee00000| PB 0x000000074ee00000| Untracked 
| 104|0x000000074f000000, 0x000000074f000000, 0x000000074f200000|  0%| F|  |TAMS 0x000000074f000000| PB 0x000000074f000000| Untracked 
| 105|0x000000074f200000, 0x000000074f200000, 0x000000074f400000|  0%| F|  |TAMS 0x000000074f200000| PB 0x000000074f200000| Untracked 
| 106|0x000000074f400000, 0x000000074f400000, 0x000000074f600000|  0%| F|  |TAMS 0x000000074f400000| PB 0x000000074f400000| Untracked 
| 107|0x000000074f600000, 0x000000074f600000, 0x000000074f800000|  0%| F|  |TAMS 0x000000074f600000| PB 0x000000074f600000| Untracked 
| 108|0x000000074f800000, 0x000000074f800000, 0x000000074fa00000|  0%| F|  |TAMS 0x000000074f800000| PB 0x000000074f800000| Untracked 
| 109|0x000000074fa00000, 0x000000074fa00000, 0x000000074fc00000|  0%| F|  |TAMS 0x000000074fa00000| PB 0x000000074fa00000| Untracked 
| 110|0x000000074fc00000, 0x000000074fc00000, 0x000000074fe00000|  0%| F|  |TAMS 0x000000074fc00000| PB 0x000000074fc00000| Untracked 
| 111|0x000000074fe00000, 0x000000074fe00000, 0x0000000750000000|  0%| F|  |TAMS 0x000000074fe00000| PB 0x000000074fe00000| Untracked 
| 112|0x0000000750000000, 0x0000000750000000, 0x0000000750200000|  0%| F|  |TAMS 0x0000000750000000| PB 0x0000000750000000| Untracked 
| 113|0x0000000750200000, 0x0000000750200000, 0x0000000750400000|  0%| F|  |TAMS 0x0000000750200000| PB 0x0000000750200000| Untracked 
| 114|0x0000000750400000, 0x0000000750400000, 0x0000000750600000|  0%| F|  |TAMS 0x0000000750400000| PB 0x0000000750400000| Untracked 
| 115|0x0000000750600000, 0x0000000750600000, 0x0000000750800000|  0%| F|  |TAMS 0x0000000750600000| PB 0x0000000750600000| Untracked 
| 116|0x0000000750800000, 0x0000000750800000, 0x0000000750a00000|  0%| F|  |TAMS 0x0000000750800000| PB 0x0000000750800000| Untracked 
| 117|0x0000000750a00000, 0x0000000750a00000, 0x0000000750c00000|  0%| F|  |TAMS 0x0000000750a00000| PB 0x0000000750a00000| Untracked 
| 118|0x0000000750c00000, 0x0000000750c00000, 0x0000000750e00000|  0%| F|  |TAMS 0x0000000750c00000| PB 0x0000000750c00000| Untracked 
| 119|0x0000000750e00000, 0x0000000750e00000, 0x0000000751000000|  0%| F|  |TAMS 0x0000000750e00000| PB 0x0000000750e00000| Untracked 
| 120|0x0000000751000000, 0x0000000751000000, 0x0000000751200000|  0%| F|  |TAMS 0x0000000751000000| PB 0x0000000751000000| Untracked 
| 121|0x0000000751200000, 0x0000000751200000, 0x0000000751400000|  0%| F|  |TAMS 0x0000000751200000| PB 0x0000000751200000| Untracked 
| 122|0x0000000751400000, 0x0000000751400000, 0x0000000751600000|  0%| F|  |TAMS 0x0000000751400000| PB 0x0000000751400000| Untracked 
| 123|0x0000000751600000, 0x0000000751600000, 0x0000000751800000|  0%| F|  |TAMS 0x0000000751600000| PB 0x0000000751600000| Untracked 
| 124|0x0000000751800000, 0x0000000751800000, 0x0000000751a00000|  0%| F|  |TAMS 0x0000000751800000| PB 0x0000000751800000| Untracked 
| 125|0x0000000751a00000, 0x0000000751a00000, 0x0000000751c00000|  0%| F|  |TAMS 0x0000000751a00000| PB 0x0000000751a00000| Untracked 
| 126|0x0000000751c00000, 0x0000000751c00000, 0x0000000751e00000|  0%| F|  |TAMS 0x0000000751c00000| PB 0x0000000751c00000| Untracked 
| 127|0x0000000751e00000, 0x0000000751e00000, 0x0000000752000000|  0%| F|  |TAMS 0x0000000751e00000| PB 0x0000000751e00000| Untracked 
| 128|0x0000000752000000, 0x0000000752000000, 0x0000000752200000|  0%| F|  |TAMS 0x0000000752000000| PB 0x0000000752000000| Untracked 
| 129|0x0000000752200000, 0x0000000752200000, 0x0000000752400000|  0%| F|  |TAMS 0x0000000752200000| PB 0x0000000752200000| Untracked 
| 130|0x0000000752400000, 0x0000000752400000, 0x0000000752600000|  0%| F|  |TAMS 0x0000000752400000| PB 0x0000000752400000| Untracked 
| 131|0x0000000752600000, 0x0000000752600000, 0x0000000752800000|  0%| F|  |TAMS 0x0000000752600000| PB 0x0000000752600000| Untracked 
| 132|0x0000000752800000, 0x0000000752800000, 0x0000000752a00000|  0%| F|  |TAMS 0x0000000752800000| PB 0x0000000752800000| Untracked 
| 133|0x0000000752a00000, 0x0000000752a00000, 0x0000000752c00000|  0%| F|  |TAMS 0x0000000752a00000| PB 0x0000000752a00000| Untracked 
| 134|0x0000000752c00000, 0x0000000752c00000, 0x0000000752e00000|  0%| F|  |TAMS 0x0000000752c00000| PB 0x0000000752c00000| Untracked 
| 135|0x0000000752e00000, 0x0000000752e00000, 0x0000000753000000|  0%| F|  |TAMS 0x0000000752e00000| PB 0x0000000752e00000| Untracked 
| 136|0x0000000753000000, 0x0000000753000000, 0x0000000753200000|  0%| F|  |TAMS 0x0000000753000000| PB 0x0000000753000000| Untracked 
| 137|0x0000000753200000, 0x0000000753200000, 0x0000000753400000|  0%| F|  |TAMS 0x0000000753200000| PB 0x0000000753200000| Untracked 
| 138|0x0000000753400000, 0x0000000753400000, 0x0000000753600000|  0%| F|  |TAMS 0x0000000753400000| PB 0x0000000753400000| Untracked 
| 139|0x0000000753600000, 0x0000000753600000, 0x0000000753800000|  0%| F|  |TAMS 0x0000000753600000| PB 0x0000000753600000| Untracked 
| 140|0x0000000753800000, 0x0000000753800000, 0x0000000753a00000|  0%| F|  |TAMS 0x0000000753800000| PB 0x0000000753800000| Untracked 
| 141|0x0000000753a00000, 0x0000000753a00000, 0x0000000753c00000|  0%| F|  |TAMS 0x0000000753a00000| PB 0x0000000753a00000| Untracked 
| 142|0x0000000753c00000, 0x0000000753c00000, 0x0000000753e00000|  0%| F|  |TAMS 0x0000000753c00000| PB 0x0000000753c00000| Untracked 
| 143|0x0000000753e00000, 0x0000000753e00000, 0x0000000754000000|  0%| F|  |TAMS 0x0000000753e00000| PB 0x0000000753e00000| Untracked 
| 144|0x0000000754000000, 0x0000000754000000, 0x0000000754200000|  0%| F|  |TAMS 0x0000000754000000| PB 0x0000000754000000| Untracked 
| 145|0x0000000754200000, 0x0000000754200000, 0x0000000754400000|  0%| F|  |TAMS 0x0000000754200000| PB 0x0000000754200000| Untracked 
| 146|0x0000000754400000, 0x0000000754400000, 0x0000000754600000|  0%| F|  |TAMS 0x0000000754400000| PB 0x0000000754400000| Untracked 
| 147|0x0000000754600000, 0x0000000754600000, 0x0000000754800000|  0%| F|  |TAMS 0x0000000754600000| PB 0x0000000754600000| Untracked 
| 148|0x0000000754800000, 0x0000000754800000, 0x0000000754a00000|  0%| F|  |TAMS 0x0000000754800000| PB 0x0000000754800000| Untracked 
| 149|0x0000000754a00000, 0x0000000754a00000, 0x0000000754c00000|  0%| F|  |TAMS 0x0000000754a00000| PB 0x0000000754a00000| Untracked 
| 150|0x0000000754c00000, 0x0000000754c00000, 0x0000000754e00000|  0%| F|  |TAMS 0x0000000754c00000| PB 0x0000000754c00000| Untracked 
| 151|0x0000000754e00000, 0x0000000754e00000, 0x0000000755000000|  0%| F|  |TAMS 0x0000000754e00000| PB 0x0000000754e00000| Untracked 
| 152|0x0000000755000000, 0x0000000755000000, 0x0000000755200000|  0%| F|  |TAMS 0x0000000755000000| PB 0x0000000755000000| Untracked 
| 153|0x0000000755200000, 0x0000000755200000, 0x0000000755400000|  0%| F|  |TAMS 0x0000000755200000| PB 0x0000000755200000| Untracked 
| 154|0x0000000755400000, 0x0000000755400000, 0x0000000755600000|  0%| F|  |TAMS 0x0000000755400000| PB 0x0000000755400000| Untracked 
| 155|0x0000000755600000, 0x0000000755600000, 0x0000000755800000|  0%| F|  |TAMS 0x0000000755600000| PB 0x0000000755600000| Untracked 
| 156|0x0000000755800000, 0x0000000755800000, 0x0000000755a00000|  0%| F|  |TAMS 0x0000000755800000| PB 0x0000000755800000| Untracked 
| 157|0x0000000755a00000, 0x0000000755a00000, 0x0000000755c00000|  0%| F|  |TAMS 0x0000000755a00000| PB 0x0000000755a00000| Untracked 
| 158|0x0000000755c00000, 0x0000000755c00000, 0x0000000755e00000|  0%| F|  |TAMS 0x0000000755c00000| PB 0x0000000755c00000| Untracked 
| 159|0x0000000755e00000, 0x0000000755e00000, 0x0000000756000000|  0%| F|  |TAMS 0x0000000755e00000| PB 0x0000000755e00000| Untracked 
| 160|0x0000000756000000, 0x0000000756000000, 0x0000000756200000|  0%| F|  |TAMS 0x0000000756000000| PB 0x0000000756000000| Untracked 
| 161|0x0000000756200000, 0x0000000756200000, 0x0000000756400000|  0%| F|  |TAMS 0x0000000756200000| PB 0x0000000756200000| Untracked 
| 162|0x0000000756400000, 0x0000000756400000, 0x0000000756600000|  0%| F|  |TAMS 0x0000000756400000| PB 0x0000000756400000| Untracked 
| 163|0x0000000756600000, 0x0000000756600000, 0x0000000756800000|  0%| F|  |TAMS 0x0000000756600000| PB 0x0000000756600000| Untracked 
| 164|0x0000000756800000, 0x0000000756800000, 0x0000000756a00000|  0%| F|  |TAMS 0x0000000756800000| PB 0x0000000756800000| Untracked 
| 165|0x0000000756a00000, 0x0000000756a00000, 0x0000000756c00000|  0%| F|  |TAMS 0x0000000756a00000| PB 0x0000000756a00000| Untracked 
| 166|0x0000000756c00000, 0x0000000756c00000, 0x0000000756e00000|  0%| F|  |TAMS 0x0000000756c00000| PB 0x0000000756c00000| Untracked 
| 167|0x0000000756e00000, 0x0000000756e00000, 0x0000000757000000|  0%| F|  |TAMS 0x0000000756e00000| PB 0x0000000756e00000| Untracked 
| 168|0x0000000757000000, 0x0000000757000000, 0x0000000757200000|  0%| F|  |TAMS 0x0000000757000000| PB 0x0000000757000000| Untracked 
| 169|0x0000000757200000, 0x0000000757200000, 0x0000000757400000|  0%| F|  |TAMS 0x0000000757200000| PB 0x0000000757200000| Untracked 
| 170|0x0000000757400000, 0x0000000757400000, 0x0000000757600000|  0%| F|  |TAMS 0x0000000757400000| PB 0x0000000757400000| Untracked 
| 171|0x0000000757600000, 0x00000007576e8eb8, 0x0000000757800000| 45%| E|  |TAMS 0x0000000757600000| PB 0x0000000757600000| Complete 
| 172|0x0000000757800000, 0x0000000757a00000, 0x0000000757a00000|100%| E|CS|TAMS 0x0000000757800000| PB 0x0000000757800000| Complete 
| 173|0x0000000757a00000, 0x0000000757c00000, 0x0000000757c00000|100%| E|CS|TAMS 0x0000000757a00000| PB 0x0000000757a00000| Complete 

Card table byte_map: [0x0000019ef0ef0000,0x0000019ef14e0000] _byte_map_base: 0x0000019eed4e0000

Marking Bits: (CMBitMap*) 0x0000019ed76f6120
 Bits: [0x0000019ef14e0000, 0x0000019ef4460000)

Polling page: 0x0000019ed7770000

Metaspace:

Usage:
  Non-class:     18.01 MB used.
      Class:      3.00 MB used.
       Both:     21.01 MB used.

Virtual space:
  Non-class space:       64.00 MB reserved,      18.12 MB ( 28%) committed,  1 nodes.
      Class space:        1.00 GB reserved,       3.19 MB ( <1%) committed,  1 nodes.
             Both:        1.06 GB reserved,      21.31 MB (  2%) committed. 

Chunk freelists:
   Non-Class:  13.50 MB
       Class:  12.66 MB
        Both:  26.16 MB

MaxMetaspaceSize: unlimited
CompressedClassSpaceSize: 1.00 GB
Initial GC threshold: 21.00 MB
Current GC threshold: 21.31 MB
CDS: on
 - commit_granule_bytes: 65536.
 - commit_granule_words: 8192.
 - virtual_space_node_default_size: 8388608.
 - enlarge_chunks_in_place: 1.
 - use_allocation_guard: 0.


Internal statistics:

num_allocs_failed_limit: 5.
num_arena_births: 338.
num_arena_deaths: 0.
num_vsnodes_births: 2.
num_vsnodes_deaths: 0.
num_space_committed: 341.
num_space_uncommitted: 0.
num_chunks_returned_to_freelist: 5.
num_chunks_taken_from_freelist: 1051.
num_chunk_merges: 5.
num_chunk_splits: 755.
num_chunks_enlarged: 585.
num_inconsistent_stats: 0.

CodeHeap 'non-profiled nmethods': size=120000Kb used=1910Kb max_used=1910Kb free=118089Kb
 bounds [0x0000019ee8db0000, 0x0000019ee9020000, 0x0000019ef02e0000]
CodeHeap 'profiled nmethods': size=120000Kb used=8151Kb max_used=8151Kb free=111848Kb
 bounds [0x0000019ee12e0000, 0x0000019ee1ae0000, 0x0000019ee8810000]
CodeHeap 'non-nmethods': size=5760Kb used=1859Kb max_used=1906Kb free=3900Kb
 bounds [0x0000019ee8810000, 0x0000019ee8a80000, 0x0000019ee8db0000]
 total_blobs=4886 nmethods=4022 adapters=766
 compilation: enabled
              stopped_count=0, restarted_count=0
 full_count=0

Compilation events (20 events):
Event: 37.779 Thread 0x0000019ef6a74c20 3962       3       java.lang.ref.NativeReferenceQueue::signal (8 bytes)
Event: 37.779 Thread 0x0000019ef6a74c20 nmethod 3962 0x0000019ee1ab0b90 code [0x0000019ee1ab0d40, 0x0000019ee1ab0e88]
Event: 37.779 Thread 0x0000019ef6a74c20 3960       3       java.lang.ref.ReferenceQueue::signal (10 bytes)
Event: 37.779 Thread 0x0000019ef6a74c20 nmethod 3960 0x0000019ee1ab0f90 code [0x0000019ee1ab1180, 0x0000019ee1ab15a0]
Event: 37.779 Thread 0x0000019ef6a74c20 3961       3       java.util.concurrent.locks.AbstractQueuedSynchronizer$ConditionObject::signalAll (34 bytes)
Event: 37.779 Thread 0x0000019ef6a4e130 nmethod 3956 0x0000019ee8f7ff90 code [0x0000019ee8f80180, 0x0000019ee8f80430]
Event: 37.780 Thread 0x0000019ef6a74c20 nmethod 3961 0x0000019ee1ab1710 code [0x0000019ee1ab18e0, 0x0000019ee1ab1c48]
Event: 37.780 Thread 0x0000019ef6a4e130 3953       4       javafx.css.CompoundSelector::applies (144 bytes)
Event: 37.780 Thread 0x0000019ef6a74c20 3963   !   3       java.lang.ref.ReferenceQueue::remove (61 bytes)
Event: 37.780 Thread 0x0000019ef6a74c20 nmethod 3963 0x0000019ee1ab1d90 code [0x0000019ee1ab2020, 0x0000019ee1ab2c20]
Event: 37.780 Thread 0x0000019ef6a74c20 3964   !   3       jdk.internal.ref.PhantomCleanable::isListEmpty (34 bytes)
Event: 37.781 Thread 0x0000019ef6a74c20 nmethod 3964 0x0000019ee1ab3010 code [0x0000019ee1ab31c0, 0x0000019ee1ab3430]
Event: 37.781 Thread 0x0000019ef6a74c20 3965       3       jdk.internal.misc.InnocuousThread::eraseThreadLocals (23 bytes)
Event: 37.781 Thread 0x0000019ef6a74c20 nmethod 3965 0x0000019ee1ab3590 code [0x0000019ee1ab3740, 0x0000019ee1ab3940]
Event: 37.781 Thread 0x0000019ef6a74c20 3966       3       java.lang.invoke.MethodHandleNatives$CallSiteContext::run (5 bytes)
Event: 37.781 Thread 0x0000019ef6a74c20 nmethod 3966 0x0000019ee1ab3a10 code [0x0000019ee1ab3bc0, 0x0000019ee1ab3cf8]
Event: 37.781 Thread 0x0000019ef6a74c20 3968       3       java.lang.ref.ReferenceQueue::remove0 (64 bytes)
Event: 37.782 Thread 0x0000019ef6a74c20 nmethod 3968 0x0000019ee1ab3d90 code [0x0000019ee1ab3fa0, 0x0000019ee1ab4458]
Event: 37.782 Thread 0x0000019efb465ed0 nmethod 3955 0x0000019ee8f80b90 code [0x0000019ee8f80d20, 0x0000019ee8f80f50]
Event: 37.782 Thread 0x0000019efb465ed0 3958       4       java.util.concurrent.locks.ReentrantLock::lock (8 bytes)

GC Heap History (20 events):
Event: 0.655 GC heap before
{Heap before GC invocations=0 (full 0):
 garbage-first heap   total 194560K, used 10240K [0x0000000742000000, 0x0000000800000000)
  region size 2048K, 6 young (12288K), 0 survivors (0K)
 Metaspace       used 1104K, committed 1280K, reserved 1114112K
  class space    used 76K, committed 192K, reserved 1048576K
}
Event: 0.660 GC heap after
{Heap after GC invocations=1 (full 0):
 garbage-first heap   total 194560K, used 4646K [0x0000000742000000, 0x0000000800000000)
  region size 2048K, 1 young (2048K), 1 survivors (2048K)
 Metaspace       used 1104K, committed 1280K, reserved 1114112K
  class space    used 76K, committed 192K, reserved 1048576K
}
Event: 1.171 GC heap before
{Heap before GC invocations=1 (full 0):
 garbage-first heap   total 194560K, used 16934K [0x0000000742000000, 0x0000000800000000)
  region size 2048K, 7 young (14336K), 1 survivors (2048K)
 Metaspace       used 4444K, committed 4672K, reserved 1114112K
  class space    used 507K, committed 640K, reserved 1048576K
}
Event: 1.175 GC heap after
{Heap after GC invocations=2 (full 0):
 garbage-first heap   total 194560K, used 6097K [0x0000000742000000, 0x0000000800000000)
  region size 2048K, 1 young (2048K), 1 survivors (2048K)
 Metaspace       used 4444K, committed 4672K, reserved 1114112K
  class space    used 507K, committed 640K, reserved 1048576K
}
Event: 3.021 GC heap before
{Heap before GC invocations=2 (full 0):
 garbage-first heap   total 194560K, used 34769K [0x0000000742000000, 0x0000000800000000)
  region size 2048K, 16 young (32768K), 1 survivors (2048K)
 Metaspace       used 9598K, committed 9920K, reserved 1114112K
  class space    used 1244K, committed 1408K, reserved 1048576K
}
Event: 3.027 GC heap after
{Heap after GC invocations=3 (full 0):
 garbage-first heap   total 194560K, used 10553K [0x0000000742000000, 0x0000000800000000)
  region size 2048K, 2 young (4096K), 2 survivors (4096K)
 Metaspace       used 9598K, committed 9920K, reserved 1114112K
  class space    used 1244K, committed 1408K, reserved 1048576K
}
Event: 3.303 GC heap before
{Heap before GC invocations=3 (full 0):
 garbage-first heap   total 194560K, used 94521K [0x0000000742000000, 0x0000000800000000)
  region size 2048K, 43 young (88064K), 2 survivors (4096K)
 Metaspace       used 9626K, committed 9920K, reserved 1114112K
  class space    used 1244K, committed 1408K, reserved 1048576K
}
Event: 3.316 GC heap after
{Heap after GC invocations=4 (full 0):
 garbage-first heap   total 194560K, used 25995K [0x0000000742000000, 0x0000000800000000)
  region size 2048K, 6 young (12288K), 6 survivors (12288K)
 Metaspace       used 9626K, committed 9920K, reserved 1114112K
  class space    used 1244K, committed 1408K, reserved 1048576K
}
Event: 3.474 GC heap before
{Heap before GC invocations=4 (full 0):
 garbage-first heap   total 194560K, used 81291K [0x0000000742000000, 0x0000000800000000)
  region size 2048K, 33 young (67584K), 6 survivors (12288K)
 Metaspace       used 9626K, committed 9920K, reserved 1114112K
  class space    used 1244K, committed 1408K, reserved 1048576K
}
Event: 3.491 GC heap after
{Heap after GC invocations=5 (full 0):
 garbage-first heap   total 194560K, used 37404K [0x0000000742000000, 0x0000000800000000)
  region size 2048K, 5 young (10240K), 5 survivors (10240K)
 Metaspace       used 9626K, committed 9920K, reserved 1114112K
  class space    used 1244K, committed 1408K, reserved 1048576K
}
Event: 3.682 GC heap before
{Heap before GC invocations=5 (full 0):
 garbage-first heap   total 194560K, used 96796K [0x0000000742000000, 0x0000000800000000)
  region size 2048K, 34 young (69632K), 5 survivors (10240K)
 Metaspace       used 9626K, committed 9920K, reserved 1114112K
  class space    used 1244K, committed 1408K, reserved 1048576K
}
Event: 3.694 GC heap after
{Heap after GC invocations=6 (full 0):
 garbage-first heap   total 194560K, used 49120K [0x0000000742000000, 0x0000000800000000)
  region size 2048K, 5 young (10240K), 5 survivors (10240K)
 Metaspace       used 9626K, committed 9920K, reserved 1114112K
  class space    used 1244K, committed 1408K, reserved 1048576K
}
Event: 3.848 GC heap before
{Heap before GC invocations=6 (full 0):
 garbage-first heap   total 194560K, used 141280K [0x0000000742000000, 0x0000000800000000)
  region size 2048K, 50 young (102400K), 5 survivors (10240K)
 Metaspace       used 9638K, committed 9984K, reserved 1114112K
  class space    used 1244K, committed 1408K, reserved 1048576K
}
Event: 3.864 GC heap after
{Heap after GC invocations=7 (full 0):
 garbage-first heap   total 194560K, used 67584K [0x0000000742000000, 0x0000000800000000)
  region size 2048K, 7 young (14336K), 7 survivors (14336K)
 Metaspace       used 9638K, committed 9984K, reserved 1114112K
  class space    used 1244K, committed 1408K, reserved 1048576K
}
Event: 3.956 GC heap before
{Heap before GC invocations=7 (full 0):
 garbage-first heap   total 194560K, used 151552K [0x0000000742000000, 0x0000000800000000)
  region size 2048K, 48 young (98304K), 7 survivors (14336K)
 Metaspace       used 9638K, committed 9984K, reserved 1114112K
  class space    used 1244K, committed 1408K, reserved 1048576K
}
Event: 3.971 GC heap after
{Heap after GC invocations=8 (full 0):
 garbage-first heap   total 356352K, used 85568K [0x0000000742000000, 0x0000000800000000)
  region size 2048K, 6 young (12288K), 6 survivors (12288K)
 Metaspace       used 9638K, committed 9984K, reserved 1114112K
  class space    used 1244K, committed 1408K, reserved 1048576K
}
Event: 4.186 GC heap before
{Heap before GC invocations=8 (full 0):
 garbage-first heap   total 356352K, used 208448K [0x0000000742000000, 0x0000000800000000)
  region size 2048K, 65 young (133120K), 6 survivors (12288K)
 Metaspace       used 9662K, committed 9984K, reserved 1114112K
  class space    used 1244K, committed 1408K, reserved 1048576K
}
Event: 4.205 GC heap after
{Heap after GC invocations=9 (full 0):
 garbage-first heap   total 356352K, used 111392K [0x0000000742000000, 0x0000000800000000)
  region size 2048K, 9 young (18432K), 9 survivors (18432K)
 Metaspace       used 9662K, committed 9984K, reserved 1114112K
  class space    used 1244K, committed 1408K, reserved 1048576K
}
Event: 37.722 GC heap before
{Heap before GC invocations=9 (full 0):
 garbage-first heap   total 356352K, used 258848K [0x0000000742000000, 0x0000000800000000)
  region size 2048K, 82 young (167936K), 9 survivors (18432K)
 Metaspace       used 21172K, committed 21504K, reserved 1114112K
  class space    used 3000K, committed 3200K, reserved 1048576K
}
Event: 37.742 GC heap after
{Heap after GC invocations=10 (full 0):
 garbage-first heap   total 356352K, used 139064K [0x0000000742000000, 0x0000000800000000)
  region size 2048K, 11 young (22528K), 11 survivors (22528K)
 Metaspace       used 21172K, committed 21504K, reserved 1114112K
  class space    used 3000K, committed 3200K, reserved 1048576K
}

Dll operation events (20 events):
Event: 0.822 Loaded shared library C:\Users\xdung\Downloads\openjfx-21.0.1_windows-x64_bin-sdk\javafx-sdk-21.0.1\bin\api-ms-win-crt-locale-l1-1-0.dll
Event: 0.824 Loaded shared library C:\Users\xdung\Downloads\openjfx-21.0.1_windows-x64_bin-sdk\javafx-sdk-21.0.1\bin\api-ms-win-crt-math-l1-1-0.dll
Event: 0.826 Loaded shared library C:\Users\xdung\Downloads\openjfx-21.0.1_windows-x64_bin-sdk\javafx-sdk-21.0.1\bin\api-ms-win-crt-multibyte-l1-1-0.dll
Event: 0.828 Loaded shared library C:\Users\xdung\Downloads\openjfx-21.0.1_windows-x64_bin-sdk\javafx-sdk-21.0.1\bin\api-ms-win-crt-private-l1-1-0.dll
Event: 0.831 Loaded shared library C:\Users\xdung\Downloads\openjfx-21.0.1_windows-x64_bin-sdk\javafx-sdk-21.0.1\bin\api-ms-win-crt-process-l1-1-0.dll
Event: 0.833 Loaded shared library C:\Users\xdung\Downloads\openjfx-21.0.1_windows-x64_bin-sdk\javafx-sdk-21.0.1\bin\api-ms-win-crt-runtime-l1-1-0.dll
Event: 0.836 Loaded shared library C:\Users\xdung\Downloads\openjfx-21.0.1_windows-x64_bin-sdk\javafx-sdk-21.0.1\bin\api-ms-win-crt-stdio-l1-1-0.dll
Event: 0.838 Loaded shared library C:\Users\xdung\Downloads\openjfx-21.0.1_windows-x64_bin-sdk\javafx-sdk-21.0.1\bin\api-ms-win-crt-string-l1-1-0.dll
Event: 0.840 Loaded shared library C:\Users\xdung\Downloads\openjfx-21.0.1_windows-x64_bin-sdk\javafx-sdk-21.0.1\bin\api-ms-win-crt-time-l1-1-0.dll
Event: 0.842 Loaded shared library C:\Users\xdung\Downloads\openjfx-21.0.1_windows-x64_bin-sdk\javafx-sdk-21.0.1\bin\api-ms-win-crt-utility-l1-1-0.dll
Event: 0.845 Loaded shared library C:\Users\xdung\Downloads\openjfx-21.0.1_windows-x64_bin-sdk\javafx-sdk-21.0.1\bin\ucrtbase.dll
Event: 0.848 Loaded shared library C:\Users\xdung\Downloads\openjfx-21.0.1_windows-x64_bin-sdk\javafx-sdk-21.0.1\bin\vcruntime140.dll
Event: 0.851 Loaded shared library C:\Users\xdung\Downloads\openjfx-21.0.1_windows-x64_bin-sdk\javafx-sdk-21.0.1\bin\vcruntime140_1.dll
Event: 0.854 Loaded shared library C:\Users\xdung\Downloads\openjfx-21.0.1_windows-x64_bin-sdk\javafx-sdk-21.0.1\bin\msvcp140.dll
Event: 0.857 Loaded shared library C:\Users\xdung\Downloads\openjfx-21.0.1_windows-x64_bin-sdk\javafx-sdk-21.0.1\bin\msvcp140_1.dll
Event: 0.859 Loaded shared library C:\Users\xdung\Downloads\openjfx-21.0.1_windows-x64_bin-sdk\javafx-sdk-21.0.1\bin\msvcp140_2.dll
Event: 0.918 Loaded shared library C:\Users\xdung\Downloads\openjfx-21.0.1_windows-x64_bin-sdk\javafx-sdk-21.0.1\bin\prism_d3d.dll
Event: 0.988 Loaded shared library C:\Users\xdung\Downloads\openjfx-21.0.1_windows-x64_bin-sdk\javafx-sdk-21.0.1\bin\glass.dll
Event: 1.161 Loaded shared library C:\Users\xdung\.jdks\openjdk-21.0.1\bin\jimage.dll
Event: 1.436 Loaded shared library C:\Users\xdung\Downloads\openjfx-21.0.1_windows-x64_bin-sdk\javafx-sdk-21.0.1\bin\javafx_font.dll

Deoptimization events (20 events):
Event: 37.543 Thread 0x0000019ef6c82480 Uncommon trap: trap_request=0xffffff45 fr.pc=0x0000019ee8e01990 relative=0x00000000000005b0
Event: 37.543 Thread 0x0000019ef6c82480 Uncommon trap: reason=unstable_if action=reinterpret pc=0x0000019ee8e01990 method=java.lang.AbstractStringBuilder.inflateIfNeededFor(Ljava/lang/String;)V @ 14 c2
Event: 37.543 Thread 0x0000019ef6c82480 DEOPT PACKING pc=0x0000019ee8e01990 sp=0x0000008f26dfa760
Event: 37.543 Thread 0x0000019ef6c82480 DEOPT UNPACKING pc=0x0000019ee88646a2 sp=0x0000008f26dfa668 mode 2
Event: 37.557 Thread 0x0000019ef6c82480 Uncommon trap: trap_request=0xffffffde fr.pc=0x0000019ee8e7cad4 relative=0x0000000000000114
Event: 37.557 Thread 0x0000019ef6c82480 Uncommon trap: reason=class_check action=maybe_recompile pc=0x0000019ee8e7cad4 method=sun.nio.cs.UTF_8.updatePositions(Ljava/nio/Buffer;ILjava/nio/Buffer;I)V @ 3 c2
Event: 37.557 Thread 0x0000019ef6c82480 DEOPT PACKING pc=0x0000019ee8e7cad4 sp=0x0000008f26dfb440
Event: 37.557 Thread 0x0000019ef6c82480 DEOPT UNPACKING pc=0x0000019ee88646a2 sp=0x0000008f26dfb3f0 mode 2
Event: 37.601 Thread 0x0000019ef6c82480 Uncommon trap: trap_request=0xffffffde fr.pc=0x0000019ee8e7cad4 relative=0x0000000000000114
Event: 37.601 Thread 0x0000019ef6c82480 Uncommon trap: reason=class_check action=maybe_recompile pc=0x0000019ee8e7cad4 method=sun.nio.cs.UTF_8.updatePositions(Ljava/nio/Buffer;ILjava/nio/Buffer;I)V @ 3 c2
Event: 37.601 Thread 0x0000019ef6c82480 DEOPT PACKING pc=0x0000019ee8e7cad4 sp=0x0000008f26dfbd40
Event: 37.601 Thread 0x0000019ef6c82480 DEOPT UNPACKING pc=0x0000019ee88646a2 sp=0x0000008f26dfbcf0 mode 2
Event: 37.601 Thread 0x0000019ef6c82480 Uncommon trap: trap_request=0xffffffde fr.pc=0x0000019ee8e7cad4 relative=0x0000000000000114
Event: 37.601 Thread 0x0000019ef6c82480 Uncommon trap: reason=class_check action=maybe_recompile pc=0x0000019ee8e7cad4 method=sun.nio.cs.UTF_8.updatePositions(Ljava/nio/Buffer;ILjava/nio/Buffer;I)V @ 3 c2
Event: 37.601 Thread 0x0000019ef6c82480 DEOPT PACKING pc=0x0000019ee8e7cad4 sp=0x0000008f26dfbd40
Event: 37.601 Thread 0x0000019ef6c82480 DEOPT UNPACKING pc=0x0000019ee88646a2 sp=0x0000008f26dfbcf0 mode 2
Event: 37.718 Thread 0x0000019ef6c82480 Uncommon trap: trap_request=0xffffff45 fr.pc=0x0000019ee8efb2b0 relative=0x0000000000000b50
Event: 37.718 Thread 0x0000019ef6c82480 Uncommon trap: reason=unstable_if action=reinterpret pc=0x0000019ee8efb2b0 method=javafx.scene.CssStyleHelper.lookup(Ljavafx/css/Styleable;Ljavafx/css/CssMetaData;Lcom/sun/javafx/css/StyleMap;Ljava/util/Set;Ljavafx/css/Styleable;Lcom/sun/javafx/css/Calcul
Event: 37.718 Thread 0x0000019ef6c82480 DEOPT PACKING pc=0x0000019ee8efb2b0 sp=0x0000008f26dfba10
Event: 37.718 Thread 0x0000019ef6c82480 DEOPT UNPACKING pc=0x0000019ee88646a2 sp=0x0000008f26dfb990 mode 2

Classes loaded (20 events):
Event: 37.571 Loading class javax/security/auth/callback/UnsupportedCallbackException
Event: 37.571 Loading class javax/security/auth/callback/UnsupportedCallbackException done
Event: 37.572 Loading class javax/security/auth/login/LoginException
Event: 37.572 Loading class javax/security/auth/login/LoginException done
Event: 37.572 Loading class javax/security/auth/login/Configuration
Event: 37.572 Loading class javax/security/auth/login/Configuration done
Event: 37.572 Loading class javax/security/auth/callback/CallbackHandler
Event: 37.572 Loading class javax/security/auth/callback/CallbackHandler done
Event: 37.572 Loading class javax/security/auth/callback/Callback
Event: 37.572 Loading class javax/security/auth/callback/Callback done
Event: 37.572 Loading class sun/invoke/util/VerifyAccess$1
Event: 37.572 Loading class sun/invoke/util/VerifyAccess$1 done
Event: 37.616 Loading class java/util/TimerTask
Event: 37.616 Loading class java/util/TimerTask done
Event: 37.669 Loading class java/time/format/DateTimeParseException
Event: 37.669 Loading class java/time/DateTimeException
Event: 37.669 Loading class java/time/DateTimeException done
Event: 37.669 Loading class java/time/format/DateTimeParseException done
Event: 37.722 Loading class java/io/SequenceInputStream
Event: 37.722 Loading class java/io/SequenceInputStream done

Classes unloaded (0 events):
No events

Classes redefined (0 events):
No events

Internal exceptions (20 events):
Event: 1.646 Thread 0x0000019ef6c82480 Exception <a 'java/lang/NoSuchMethodError'{0x000000074cae0fd0}: 'int java.lang.invoke.DirectMethodHandle$Holder.invokeSpecial(java.lang.Object, java.lang.Object, java.lang.Object)'> (0x000000074cae0fd0) 
thrown [s\open\src\hotspot\share\interpreter\linkResolver.cpp, line 773]
Event: 4.347 Thread 0x0000019ef6c82480 Implicit null exception at 0x0000019ee8dd7566 to 0x0000019ee8dd7612
Event: 4.366 Thread 0x0000019ef6c82480 Implicit null exception at 0x0000019ee8e16340 to 0x0000019ee8e165d8
Event: 4.416 Thread 0x0000019ef6c82480 Implicit null exception at 0x0000019ee8dd5940 to 0x0000019ee8dd59c5
Event: 4.586 Thread 0x0000019ef6c82480 Exception <a 'java/lang/NoSuchMethodError'{0x00000007515b3a28}: 'java.lang.Object java.lang.invoke.DirectMethodHandle$Holder.invokeInterface(java.lang.Object, java.lang.Object, java.lang.Object)'> (0x00000007515b3a28) 
thrown [s\open\src\hotspot\share\interpreter\linkResolver.cpp, line 773]
Event: 4.587 Thread 0x0000019ef6c82480 Exception <a 'java/lang/IncompatibleClassChangeError'{0x00000007515b70d0}: Found class java.lang.Object, but interface was expected> (0x00000007515b70d0) 
thrown [s\open\src\hotspot\share\interpreter\linkResolver.cpp, line 840]
Event: 4.626 Thread 0x0000019ef6c82480 Exception <a 'java/lang/ClassNotFoundException'{0x00000007513f0708}: com/sun/javafx/scene/control/skin/resources/controls> (0x00000007513f0708) 
thrown [s\open\src\hotspot\share\prims\jni.cpp, line 539]
Event: 4.626 Thread 0x0000019ef6c82480 Exception <a 'java/lang/ClassNotFoundException'{0x00000007513fe908}: com/sun/javafx/scene/control/skin/resources/controls_en> (0x00000007513fe908) 
thrown [s\open\src\hotspot\share\prims\jni.cpp, line 539]
Event: 4.627 Thread 0x0000019ef6c82480 Exception <a 'java/lang/ClassNotFoundException'{0x00000007510004c8}: com/sun/javafx/scene/control/skin/resources/controls_en_US> (0x00000007510004c8) 
thrown [s\open\src\hotspot\share\prims\jni.cpp, line 539]
Event: 4.667 Thread 0x0000019ef6c82480 Exception <a 'java/lang/NoSuchMethodError'{0x00000007511dbac8}: 'void java.lang.invoke.DirectMethodHandle$Holder.invokeSpecial(java.lang.Object, java.lang.Object, java.lang.Object, java.lang.Object, java.lang.Object, java.lang.Object)'> (0x00000007511dbac8) 
thrown [s\open\src\hotspot\share\interpreter\linkResolver.cpp, line 773]
Event: 4.884 Thread 0x0000019ef6c82480 Exception <a 'java/lang/NoSuchMethodError'{0x000000074f234550}: 'int java.lang.invoke.DirectMethodHandle$Holder.invokeSpecial(java.lang.Object, java.lang.Object, int)'> (0x000000074f234550) 
thrown [s\open\src\hotspot\share\interpreter\linkResolver.cpp, line 773]
Event: 5.103 Thread 0x0000019ef6c82480 Exception <a 'java/lang/NoSuchMethodError'{0x000000074ee23f50}: 'java.lang.Object java.lang.invoke.DirectMethodHandle$Holder.newInvokeSpecial(java.lang.Object, java.lang.Object, int)'> (0x000000074ee23f50) 
thrown [s\open\src\hotspot\share\interpreter\linkResolver.cpp, line 773]
Event: 5.182 Thread 0x0000019efb5bc080 Exception <a 'java/lang/NoSuchMethodError'{0x000000074efb0580}: 'int java.lang.invoke.DirectMethodHandle$Holder.invokeStaticInit(java.lang.Object, java.lang.Object)'> (0x000000074efb0580) 
thrown [s\open\src\hotspot\share\interpreter\linkResolver.cpp, line 773]
Event: 5.184 Thread 0x0000019ef6c82480 Exception <a 'java/lang/NoSuchMethodError'{0x000000074ec335e8}: 'long java.lang.invoke.DirectMethodHandle$Holder.invokeStatic(java.lang.Object, java.lang.Object, java.lang.Object)'> (0x000000074ec335e8) 
thrown [s\open\src\hotspot\share\interpreter\linkResolver.cpp, line 773]
Event: 5.185 Thread 0x0000019ef6c82480 Exception <a 'java/lang/NoSuchMethodError'{0x000000074ec369b8}: 'long java.lang.invoke.DirectMethodHandle$Holder.invokeStaticInit(java.lang.Object, java.lang.Object, java.lang.Object)'> (0x000000074ec369b8) 
thrown [s\open\src\hotspot\share\interpreter\linkResolver.cpp, line 773]
Event: 5.190 Thread 0x0000019ef6c82480 Exception <a 'java/lang/NoSuchMethodError'{0x000000074ec510a0}: 'java.lang.Object java.lang.invoke.DirectMethodHandle$Holder.newInvokeSpecial(java.lang.Object, java.lang.Object, long)'> (0x000000074ec510a0) 
thrown [s\open\src\hotspot\share\interpreter\linkResolver.cpp, line 773]
Event: 5.190 Thread 0x0000019ef6c82480 Exception <a 'java/lang/NoSuchMethodError'{0x000000074ec54998}: 'java.lang.Object java.lang.invoke.Invokers$Holder.linkToTargetMethod(java.lang.Object, long, java.lang.Object)'> (0x000000074ec54998) 
thrown [s\open\src\hotspot\share\interpreter\linkResolver.cpp, line 773]
Event: 37.293 Thread 0x0000019ef6c82480 Exception <a 'java/lang/NoSuchMethodError'{0x000000074e48e1a0}: 'void java.lang.invoke.DirectMethodHandle$Holder.invokeVirtual(java.lang.Object, java.lang.Object)'> (0x000000074e48e1a0) 
thrown [s\open\src\hotspot\share\interpreter\linkResolver.cpp, line 773]
Event: 37.334 Thread 0x0000019ef6c82480 Exception <a 'java/lang/NoSuchMethodError'{0x000000074e267188}: 'java.lang.Object java.lang.invoke.DirectMethodHandle$Holder.invokeInterface(java.lang.Object, java.lang.Object)'> (0x000000074e267188) 
thrown [s\open\src\hotspot\share\interpreter\linkResolver.cpp, line 773]
Event: 37.354 Thread 0x0000019ef6c82480 Exception <a 'java/lang/NoSuchMethodError'{0x000000074e2e4408}: 'java.lang.Object java.lang.invoke.DirectMethodHandle$Holder.invokeVirtual(java.lang.Object, java.lang.Object, java.lang.Object)'> (0x000000074e2e4408) 
thrown [s\open\src\hotspot\share\interpreter\linkResolver.cpp, line 773]

ZGC Phase Switch (0 events):
No events

VM Operations (20 events):
Event: 32.968 Executing VM operation: Cleanup
Event: 32.968 Executing VM operation: Cleanup done
Event: 33.969 Executing VM operation: Cleanup
Event: 33.969 Executing VM operation: Cleanup done
Event: 34.969 Executing VM operation: Cleanup
Event: 34.969 Executing VM operation: Cleanup done
Event: 36.969 Executing VM operation: Cleanup
Event: 36.969 Executing VM operation: Cleanup done
Event: 37.310 Executing VM operation: HandshakeAllThreads (Deoptimize)
Event: 37.310 Executing VM operation: HandshakeAllThreads (Deoptimize) done
Event: 37.348 Executing VM operation: HandshakeAllThreads (Deoptimize)
Event: 37.348 Executing VM operation: HandshakeAllThreads (Deoptimize) done
Event: 37.352 Executing VM operation: HandshakeAllThreads (Deoptimize)
Event: 37.352 Executing VM operation: HandshakeAllThreads (Deoptimize) done
Event: 37.571 Executing VM operation: HandshakeAllThreads (Deoptimize)
Event: 37.571 Executing VM operation: HandshakeAllThreads (Deoptimize) done
Event: 37.720 Executing VM operation: HandshakeAllThreads (Deoptimize)
Event: 37.720 Executing VM operation: HandshakeAllThreads (Deoptimize) done
Event: 37.722 Executing VM operation: CollectForMetadataAllocation (Metadata GC Threshold)
Event: 37.778 Executing VM operation: CollectForMetadataAllocation (Metadata GC Threshold) done

Events (20 events):
Event: 0.070 Thread 0x0000019ef6a4e130 Thread added: 0x0000019ef6a4e130
Event: 0.072 Thread 0x0000019ef6a74c20 Thread added: 0x0000019ef6a74c20
Event: 0.201 Thread 0x0000019ef6c72a10 Thread added: 0x0000019ef6c72a10
Event: 0.279 Thread 0x0000019ef6c82480 Thread added: 0x0000019ef6c82480
Event: 0.632 Thread 0x0000019efba15cc0 Thread added: 0x0000019efba15cc0
Event: 0.632 Thread 0x0000019efba16330 Thread added: 0x0000019efba16330
Event: 0.909 Thread 0x0000019efb5bc080 Thread added: 0x0000019efb5bc080
Event: 0.991 Thread 0x0000019efbb3cc60 Thread added: 0x0000019efbb3cc60
Event: 0.991 Thread 0x0000019ef6c82480 Thread exited: 0x0000019ef6c82480
Event: 0.996 Thread 0x0000019ef6c82480 Thread added: 0x0000019ef6c82480
Event: 1.107 Thread 0x0000019efc042c40 Thread added: 0x0000019efc042c40
Event: 1.114 Thread 0x0000019efc0432b0 Thread added: 0x0000019efc0432b0
Event: 1.474 Thread 0x0000019efc427c20 Thread added: 0x0000019efc427c20
Event: 2.901 Thread 0x0000019efc427c20 Thread exited: 0x0000019efc427c20
Event: 2.934 Thread 0x0000019efc427c20 Thread added: 0x0000019efc427c20
Event: 4.579 Thread 0x0000019ec3147e50 Thread added: 0x0000019ec3147e50
Event: 5.305 Thread 0x0000019ec3146aa0 Thread added: 0x0000019ec3146aa0
Event: 5.306 Thread 0x0000019efc427c20 Thread exited: 0x0000019efc427c20
Event: 37.301 Thread 0x0000019ec31484e0 Thread added: 0x0000019ec31484e0
Event: 37.344 Thread 0x0000019efb465ed0 Thread added: 0x0000019efb465ed0


Dynamic libraries:
0x00007ff73af80000 - 0x00007ff73af8e000 	C:\Users\xdung\.jdks\openjdk-21.0.1\bin\java.exe
0x00007ffa3df50000 - 0x00007ffa3e148000 	C:\WINDOWS\SYSTEM32\ntdll.dll
0x00007ffa3d400000 - 0x00007ffa3d4bd000 	C:\WINDOWS\System32\KERNEL32.DLL
0x00007ffa3b630000 - 0x00007ffa3b926000 	C:\WINDOWS\System32\KERNELBASE.dll
0x00007ffa3bd50000 - 0x00007ffa3be50000 	C:\WINDOWS\System32\ucrtbase.dll
0x00007ffa34980000 - 0x00007ffa34998000 	C:\Users\xdung\.jdks\openjdk-21.0.1\bin\jli.dll
0x00007ffa34af0000 - 0x00007ffa34b0b000 	C:\Users\xdung\.jdks\openjdk-21.0.1\bin\VCRUNTIME140.dll
0x00007ffa3c580000 - 0x00007ffa3c71e000 	C:\WINDOWS\System32\USER32.dll
0x00007ffa3bbf0000 - 0x00007ffa3bc12000 	C:\WINDOWS\System32\win32u.dll
0x00007ffa3d540000 - 0x00007ffa3d56c000 	C:\WINDOWS\System32\GDI32.dll
0x00007ffa3b930000 - 0x00007ffa3ba4a000 	C:\WINDOWS\System32\gdi32full.dll
0x00007ffa25900000 - 0x00007ffa25b9a000 	C:\WINDOWS\WinSxS\amd64_microsoft.windows.common-controls_6595b64144ccf1df_6.0.19041.3636_none_60b6a03d71f818d5\COMCTL32.dll
0x00007ffa3da00000 - 0x00007ffa3da9e000 	C:\WINDOWS\System32\msvcrt.dll
0x00007ffa3ba50000 - 0x00007ffa3baed000 	C:\WINDOWS\System32\msvcp_win.dll
0x00007ffa3d7d0000 - 0x00007ffa3d800000 	C:\WINDOWS\System32\IMM32.DLL
0x00007ffa34f80000 - 0x00007ffa34f8c000 	C:\Users\xdung\.jdks\openjdk-21.0.1\bin\vcruntime140_1.dll
0x00007ffa348f0000 - 0x00007ffa3497e000 	C:\Users\xdung\.jdks\openjdk-21.0.1\bin\msvcp140.dll
0x00007ffa06ad0000 - 0x00007ffa077e5000 	C:\Users\xdung\.jdks\openjdk-21.0.1\bin\server\jvm.dll
0x00007ffa3d800000 - 0x00007ffa3d8af000 	C:\WINDOWS\System32\ADVAPI32.dll
0x00007ffa3bfb0000 - 0x00007ffa3c04c000 	C:\WINDOWS\System32\sechost.dll
0x00007ffa3d120000 - 0x00007ffa3d246000 	C:\WINDOWS\System32\RPCRT4.dll
0x00007ffa3c490000 - 0x00007ffa3c4fb000 	C:\WINDOWS\System32\WS2_32.dll
0x00007ffa3ab90000 - 0x00007ffa3abdb000 	C:\WINDOWS\SYSTEM32\POWRPROF.dll
0x00007ffa25c30000 - 0x00007ffa25c57000 	C:\WINDOWS\SYSTEM32\WINMM.dll
0x00007ffa2cf50000 - 0x00007ffa2cf5a000 	C:\WINDOWS\SYSTEM32\VERSION.dll
0x00007ffa3aa50000 - 0x00007ffa3aa62000 	C:\WINDOWS\SYSTEM32\UMPDC.dll
0x00007ffa39e60000 - 0x00007ffa39e72000 	C:\WINDOWS\SYSTEM32\kernel.appcore.dll
0x00007ffa348e0000 - 0x00007ffa348ea000 	C:\Users\xdung\.jdks\openjdk-21.0.1\bin\jimage.dll
0x00007ffa1b940000 - 0x00007ffa1bb24000 	C:\WINDOWS\SYSTEM32\DBGHELP.DLL
0x00007ffa242c0000 - 0x00007ffa242f4000 	C:\WINDOWS\SYSTEM32\dbgcore.DLL
0x00007ffa3bc50000 - 0x00007ffa3bcd2000 	C:\WINDOWS\System32\bcryptPrimitives.dll
0x00007ffa37130000 - 0x00007ffa3713f000 	C:\Users\xdung\.jdks\openjdk-21.0.1\bin\instrument.dll
0x00007ffa348c0000 - 0x00007ffa348df000 	C:\Users\xdung\.jdks\openjdk-21.0.1\bin\java.dll
0x00007ffa3c720000 - 0x00007ffa3ce64000 	C:\WINDOWS\System32\SHELL32.dll
0x00007ffa39680000 - 0x00007ffa39e1b000 	C:\WINDOWS\SYSTEM32\windows.storage.dll
0x00007ffa3c050000 - 0x00007ffa3c3a4000 	C:\WINDOWS\System32\combase.dll
0x00007ffa3b070000 - 0x00007ffa3b09d000 	C:\WINDOWS\SYSTEM32\Wldp.dll
0x00007ffa3d670000 - 0x00007ffa3d71d000 	C:\WINDOWS\System32\SHCORE.dll
0x00007ffa3d580000 - 0x00007ffa3d5d5000 	C:\WINDOWS\System32\shlwapi.dll
0x00007ffa3b560000 - 0x00007ffa3b585000 	C:\WINDOWS\SYSTEM32\profapi.dll
0x00007ffa347e0000 - 0x00007ffa348b7000 	C:\Users\xdung\.jdks\openjdk-21.0.1\bin\jsvml.dll
0x00007ffa347d0000 - 0x00007ffa347e0000 	C:\Users\xdung\.jdks\openjdk-21.0.1\bin\net.dll
0x00007ffa2cc90000 - 0x00007ffa2cd9a000 	C:\WINDOWS\SYSTEM32\WINHTTP.dll
0x00007ffa3add0000 - 0x00007ffa3ae3a000 	C:\WINDOWS\system32\mswsock.dll
0x00007ffa347b0000 - 0x00007ffa347c6000 	C:\Users\xdung\.jdks\openjdk-21.0.1\bin\nio.dll
0x00007ffa34790000 - 0x00007ffa347a8000 	C:\Users\xdung\.jdks\openjdk-21.0.1\bin\zip.dll
0x00007ffa37100000 - 0x00007ffa3711a000 	C:\Program Files\JetBrains\IntelliJ IDEA 2023.2\bin\breakgen64.dll
0x00007ffa34be0000 - 0x00007ffa34be7000 	C:\Users\xdung\.jdks\openjdk-21.0.1\bin\extnet.dll
0x0000019ef6ff0000 - 0x0000019ef6ff3000 	C:\Users\xdung\Downloads\openjfx-21.0.1_windows-x64_bin-sdk\javafx-sdk-21.0.1\bin\api-ms-win-core-console-l1-1-0.dll
0x0000019efca40000 - 0x0000019efca43000 	C:\Users\xdung\Downloads\openjfx-21.0.1_windows-x64_bin-sdk\javafx-sdk-21.0.1\bin\api-ms-win-core-console-l1-2-0.dll
0x0000019efca50000 - 0x0000019efca53000 	C:\Users\xdung\Downloads\openjfx-21.0.1_windows-x64_bin-sdk\javafx-sdk-21.0.1\bin\api-ms-win-core-datetime-l1-1-0.dll
0x0000019efca60000 - 0x0000019efca63000 	C:\Users\xdung\Downloads\openjfx-21.0.1_windows-x64_bin-sdk\javafx-sdk-21.0.1\bin\api-ms-win-core-debug-l1-1-0.dll
0x0000019efca70000 - 0x0000019efca73000 	C:\Users\xdung\Downloads\openjfx-21.0.1_windows-x64_bin-sdk\javafx-sdk-21.0.1\bin\api-ms-win-core-errorhandling-l1-1-0.dll
0x0000019efca80000 - 0x0000019efca84000 	C:\Users\xdung\Downloads\openjfx-21.0.1_windows-x64_bin-sdk\javafx-sdk-21.0.1\bin\api-ms-win-core-file-l1-1-0.dll
0x0000019efca90000 - 0x0000019efca93000 	C:\Users\xdung\Downloads\openjfx-21.0.1_windows-x64_bin-sdk\javafx-sdk-21.0.1\bin\api-ms-win-core-file-l1-2-0.dll
0x0000019efcaa0000 - 0x0000019efcaa3000 	C:\Users\xdung\Downloads\openjfx-21.0.1_windows-x64_bin-sdk\javafx-sdk-21.0.1\bin\api-ms-win-core-file-l2-1-0.dll
0x0000019efcab0000 - 0x0000019efcab3000 	C:\Users\xdung\Downloads\openjfx-21.0.1_windows-x64_bin-sdk\javafx-sdk-21.0.1\bin\api-ms-win-core-handle-l1-1-0.dll
0x0000019efcac0000 - 0x0000019efcac3000 	C:\Users\xdung\Downloads\openjfx-21.0.1_windows-x64_bin-sdk\javafx-sdk-21.0.1\bin\api-ms-win-core-heap-l1-1-0.dll
0x0000019efcad0000 - 0x0000019efcad3000 	C:\Users\xdung\Downloads\openjfx-21.0.1_windows-x64_bin-sdk\javafx-sdk-21.0.1\bin\api-ms-win-core-interlocked-l1-1-0.dll
0x0000019efcae0000 - 0x0000019efcae3000 	C:\Users\xdung\Downloads\openjfx-21.0.1_windows-x64_bin-sdk\javafx-sdk-21.0.1\bin\api-ms-win-core-libraryloader-l1-1-0.dll
0x0000019efcaf0000 - 0x0000019efcaf3000 	C:\Users\xdung\Downloads\openjfx-21.0.1_windows-x64_bin-sdk\javafx-sdk-21.0.1\bin\api-ms-win-core-localization-l1-2-0.dll
0x0000019efcb00000 - 0x0000019efcb03000 	C:\Users\xdung\Downloads\openjfx-21.0.1_windows-x64_bin-sdk\javafx-sdk-21.0.1\bin\api-ms-win-core-memory-l1-1-0.dll
0x0000019efc7d0000 - 0x0000019efc7d3000 	C:\Users\xdung\Downloads\openjfx-21.0.1_windows-x64_bin-sdk\javafx-sdk-21.0.1\bin\api-ms-win-core-namedpipe-l1-1-0.dll
0x0000019efc900000 - 0x0000019efc903000 	C:\Users\xdung\Downloads\openjfx-21.0.1_windows-x64_bin-sdk\javafx-sdk-21.0.1\bin\api-ms-win-core-processenvironment-l1-1-0.dll
0x0000019efc910000 - 0x0000019efc913000 	C:\Users\xdung\Downloads\openjfx-21.0.1_windows-x64_bin-sdk\javafx-sdk-21.0.1\bin\api-ms-win-core-processthreads-l1-1-0.dll
0x0000019efc920000 - 0x0000019efc923000 	C:\Users\xdung\Downloads\openjfx-21.0.1_windows-x64_bin-sdk\javafx-sdk-21.0.1\bin\api-ms-win-core-processthreads-l1-1-1.dll
0x0000019efc930000 - 0x0000019efc933000 	C:\Users\xdung\Downloads\openjfx-21.0.1_windows-x64_bin-sdk\javafx-sdk-21.0.1\bin\api-ms-win-core-profile-l1-1-0.dll
0x0000019efc940000 - 0x0000019efc943000 	C:\Users\xdung\Downloads\openjfx-21.0.1_windows-x64_bin-sdk\javafx-sdk-21.0.1\bin\api-ms-win-core-rtlsupport-l1-1-0.dll
0x0000019efc950000 - 0x0000019efc953000 	C:\Users\xdung\Downloads\openjfx-21.0.1_windows-x64_bin-sdk\javafx-sdk-21.0.1\bin\api-ms-win-core-string-l1-1-0.dll
0x0000019efc960000 - 0x0000019efc963000 	C:\Users\xdung\Downloads\openjfx-21.0.1_windows-x64_bin-sdk\javafx-sdk-21.0.1\bin\api-ms-win-core-synch-l1-1-0.dll
0x0000019efc970000 - 0x0000019efc973000 	C:\Users\xdung\Downloads\openjfx-21.0.1_windows-x64_bin-sdk\javafx-sdk-21.0.1\bin\api-ms-win-core-synch-l1-2-0.dll
0x0000019efc980000 - 0x0000019efc983000 	C:\Users\xdung\Downloads\openjfx-21.0.1_windows-x64_bin-sdk\javafx-sdk-21.0.1\bin\api-ms-win-core-sysinfo-l1-1-0.dll
0x0000019efc990000 - 0x0000019efc993000 	C:\Users\xdung\Downloads\openjfx-21.0.1_windows-x64_bin-sdk\javafx-sdk-21.0.1\bin\api-ms-win-core-timezone-l1-1-0.dll
0x0000019efc9a0000 - 0x0000019efc9a3000 	C:\Users\xdung\Downloads\openjfx-21.0.1_windows-x64_bin-sdk\javafx-sdk-21.0.1\bin\api-ms-win-core-util-l1-1-0.dll
0x0000019efc9b0000 - 0x0000019efc9b3000 	C:\Users\xdung\Downloads\openjfx-21.0.1_windows-x64_bin-sdk\javafx-sdk-21.0.1\bin\api-ms-win-crt-conio-l1-1-0.dll
0x0000019efc9c0000 - 0x0000019efc9c4000 	C:\Users\xdung\Downloads\openjfx-21.0.1_windows-x64_bin-sdk\javafx-sdk-21.0.1\bin\api-ms-win-crt-convert-l1-1-0.dll
0x0000019efc9d0000 - 0x0000019efc9d3000 	C:\Users\xdung\Downloads\openjfx-21.0.1_windows-x64_bin-sdk\javafx-sdk-21.0.1\bin\api-ms-win-crt-environment-l1-1-0.dll
0x0000019efc9e0000 - 0x0000019efc9e3000 	C:\Users\xdung\Downloads\openjfx-21.0.1_windows-x64_bin-sdk\javafx-sdk-21.0.1\bin\api-ms-win-crt-filesystem-l1-1-0.dll
0x0000019efc9f0000 - 0x0000019efc9f3000 	C:\Users\xdung\Downloads\openjfx-21.0.1_windows-x64_bin-sdk\javafx-sdk-21.0.1\bin\api-ms-win-crt-heap-l1-1-0.dll
0x0000019efca00000 - 0x0000019efca03000 	C:\Users\xdung\Downloads\openjfx-21.0.1_windows-x64_bin-sdk\javafx-sdk-21.0.1\bin\api-ms-win-crt-locale-l1-1-0.dll
0x0000019efca10000 - 0x0000019efca15000 	C:\Users\xdung\Downloads\openjfx-21.0.1_windows-x64_bin-sdk\javafx-sdk-21.0.1\bin\api-ms-win-crt-math-l1-1-0.dll
0x0000019efc7e0000 - 0x0000019efc7e5000 	C:\Users\xdung\Downloads\openjfx-21.0.1_windows-x64_bin-sdk\javafx-sdk-21.0.1\bin\api-ms-win-crt-multibyte-l1-1-0.dll
0x0000019efc7f0000 - 0x0000019efc800000 	C:\Users\xdung\Downloads\openjfx-21.0.1_windows-x64_bin-sdk\javafx-sdk-21.0.1\bin\api-ms-win-crt-private-l1-1-0.dll
0x0000019efc800000 - 0x0000019efc803000 	C:\Users\xdung\Downloads\openjfx-21.0.1_windows-x64_bin-sdk\javafx-sdk-21.0.1\bin\api-ms-win-crt-process-l1-1-0.dll
0x0000019efc810000 - 0x0000019efc814000 	C:\Users\xdung\Downloads\openjfx-21.0.1_windows-x64_bin-sdk\javafx-sdk-21.0.1\bin\api-ms-win-crt-runtime-l1-1-0.dll
0x0000019efc820000 - 0x0000019efc824000 	C:\Users\xdung\Downloads\openjfx-21.0.1_windows-x64_bin-sdk\javafx-sdk-21.0.1\bin\api-ms-win-crt-stdio-l1-1-0.dll
0x0000019efc830000 - 0x0000019efc834000 	C:\Users\xdung\Downloads\openjfx-21.0.1_windows-x64_bin-sdk\javafx-sdk-21.0.1\bin\api-ms-win-crt-string-l1-1-0.dll
0x0000019efc840000 - 0x0000019efc843000 	C:\Users\xdung\Downloads\openjfx-21.0.1_windows-x64_bin-sdk\javafx-sdk-21.0.1\bin\api-ms-win-crt-time-l1-1-0.dll
0x0000019efc850000 - 0x0000019efc853000 	C:\Users\xdung\Downloads\openjfx-21.0.1_windows-x64_bin-sdk\javafx-sdk-21.0.1\bin\api-ms-win-crt-utility-l1-1-0.dll
0x00007ffa1f580000 - 0x00007ffa1f67c000 	C:\Users\xdung\Downloads\openjfx-21.0.1_windows-x64_bin-sdk\javafx-sdk-21.0.1\bin\ucrtbase.dll
0x00007ffa34770000 - 0x00007ffa3478b000 	C:\Users\xdung\Downloads\openjfx-21.0.1_windows-x64_bin-sdk\javafx-sdk-21.0.1\bin\vcruntime140.dll
0x00007ffa370f0000 - 0x00007ffa370fc000 	C:\Users\xdung\Downloads\openjfx-21.0.1_windows-x64_bin-sdk\javafx-sdk-21.0.1\bin\vcruntime140_1.dll
0x00007ffa19b00000 - 0x00007ffa19b8e000 	C:\Users\xdung\Downloads\openjfx-21.0.1_windows-x64_bin-sdk\javafx-sdk-21.0.1\bin\msvcp140.dll
0x00007ffa3cff0000 - 0x00007ffa3d11b000 	C:\WINDOWS\System32\ole32.dll
0x00007ffa36490000 - 0x00007ffa36499000 	C:\Users\xdung\Downloads\openjfx-21.0.1_windows-x64_bin-sdk\javafx-sdk-21.0.1\bin\msvcp140_1.dll
0x00007ffa256f0000 - 0x00007ffa2571f000 	C:\Users\xdung\Downloads\openjfx-21.0.1_windows-x64_bin-sdk\javafx-sdk-21.0.1\bin\msvcp140_2.dll
0x00007ffa256c0000 - 0x00007ffa256ef000 	C:\Users\xdung\Downloads\openjfx-21.0.1_windows-x64_bin-sdk\javafx-sdk-21.0.1\bin\prism_d3d.dll
0x00007ff9f64b0000 - 0x00007ff9f667d000 	C:\WINDOWS\system32\d3d9.dll
0x00007ffa38f40000 - 0x00007ffa38f6f000 	C:\WINDOWS\SYSTEM32\dwmapi.dll
0x00007ffa38c70000 - 0x00007ffa38d0e000 	C:\WINDOWS\system32\uxtheme.dll
0x00007ffa2c170000 - 0x00007ffa2c31f000 	C:\Windows\System32\DriverStore\FileRepository\iigd_dch.inf_amd64_51f685305808e3a5\igdumdim64.dll
0x00007ffa3bc20000 - 0x00007ffa3bc47000 	C:\WINDOWS\System32\bcrypt.dll
0x00007ff9fee80000 - 0x00007ffa01f23000 	C:\Windows\System32\DriverStore\FileRepository\iigd_dch.inf_amd64_51f685305808e3a5\igd9dxva64.dll
0x00007ffa3d8c0000 - 0x00007ffa3d98d000 	C:\WINDOWS\System32\OLEAUT32.dll
0x00007ffa3daa0000 - 0x00007ffa3df0e000 	C:\WINDOWS\System32\SETUPAPI.dll
0x00007ffa3baf0000 - 0x00007ffa3bb3e000 	C:\WINDOWS\System32\cfgmgr32.dll
0x00007ffa30a10000 - 0x00007ffa30e19000 	C:\Windows\System32\DriverStore\FileRepository\iigd_dch.inf_amd64_51f685305808e3a5\igdgmm64.dll
0x00007ffa1f530000 - 0x00007ffa1f572000 	C:\Users\xdung\Downloads\openjfx-21.0.1_windows-x64_bin-sdk\javafx-sdk-21.0.1\bin\glass.dll
0x00007ffa3c3b0000 - 0x00007ffa3c48a000 	C:\WINDOWS\System32\COMDLG32.dll
0x00007ffa3ce70000 - 0x00007ffa3cf84000 	C:\WINDOWS\System32\MSCTF.dll
0x00007ffa32b30000 - 0x00007ffa32b57000 	C:\Windows\System32\DriverStore\FileRepository\iigd_dch.inf_amd64_51f685305808e3a5\igdinfo64.dll
0x00007ffa3afd0000 - 0x00007ffa3afe8000 	C:\WINDOWS\SYSTEM32\CRYPTSP.dll
0x00007ffa3a690000 - 0x00007ffa3a6c4000 	C:\WINDOWS\system32\rsaenh.dll
0x00007ffa3afc0000 - 0x00007ffa3afcc000 	C:\WINDOWS\SYSTEM32\CRYPTBASE.dll
0x00007ffa2d270000 - 0x00007ffa30a04000 	C:\Windows\System32\DriverStore\FileRepository\iigd_dch.inf_amd64_51f685305808e3a5\igc64.dll
0x00007ffa31e40000 - 0x00007ffa31e7b000 	C:\WINDOWS\SYSTEM32\dxcore.dll
0x00007ffa25ca0000 - 0x00007ffa25cb4000 	C:\Users\xdung\Downloads\openjfx-21.0.1_windows-x64_bin-sdk\javafx-sdk-21.0.1\bin\javafx_font.dll
0x00007ffa13ee0000 - 0x00007ffa1415f000 	C:\WINDOWS\SYSTEM32\dwrite.dll
0x00007ffa3d720000 - 0x00007ffa3d7c9000 	C:\WINDOWS\System32\clbcatq.dll
0x00007ffa358e0000 - 0x00007ffa35a94000 	C:\WINDOWS\SYSTEM32\WindowsCodecs.dll
0x00007ffa122c0000 - 0x00007ffa122fe000 	C:\WINDOWS\system32\dataexchange.dll
0x00007ffa377a0000 - 0x00007ffa37a03000 	C:\WINDOWS\system32\d3d11.dll
0x00007ffa37fd0000 - 0x00007ffa381b3000 	C:\WINDOWS\system32\dcomp.dll
0x00007ffa39ed0000 - 0x00007ffa39fc3000 	C:\WINDOWS\system32\dxgi.dll
0x00007ffa35620000 - 0x00007ffa35827000 	C:\WINDOWS\system32\twinapi.appcore.dll
0x00007ffa33700000 - 0x00007ffa33734000 	C:\Program Files\Common Files\Microsoft Shared\Ink\rtscom.dll
0x00007ffa18130000 - 0x00007ffa1822a000 	C:\WINDOWS\SYSTEM32\textinputframework.dll
0x00007ffa381c0000 - 0x00007ffa3851b000 	C:\WINDOWS\System32\CoreUIComponents.dll

dbghelp: loaded successfully - version: 4.0.5 - missing functions: none
symbol engine: initialized successfully - sym options: 0x614 - pdb path: .;C:\Users\xdung\.jdks\openjdk-21.0.1\bin;C:\WINDOWS\SYSTEM32;C:\WINDOWS\WinSxS\amd64_microsoft.windows.common-controls_6595b64144ccf1df_6.0.19041.3636_none_60b6a03d71f818d5;C:\Users\xdung\.jdks\openjdk-21.0.1\bin\server;C:\Program Files\JetBrains\IntelliJ IDEA 2023.2\bin;C:\Users\xdung\Downloads\openjfx-21.0.1_windows-x64_bin-sdk\javafx-sdk-21.0.1\bin;C:\Windows\System32\DriverStore\FileRepository\iigd_dch.inf_amd64_51f685305808e3a5;C:\Program Files\Common Files\Microsoft Shared\Ink;C:\Program Files\Bonjour

VM Arguments:
jvm_args: --module-path=C:\Users\xdung\Downloads\openjfx-21.0.1_windows-x64_bin-sdk\javafx-sdk-21.0.1\lib --add-modules=javafx.controls,javafx.fxml,javafx.web -javaagent:C:\Program Files\JetBrains\IntelliJ IDEA 2023.2\lib\idea_rt.jar=55407:C:\Program Files\JetBrains\IntelliJ IDEA 2023.2\bin -Dfile.encoding=UTF-8 -Dsun.stdout.encoding=UTF-8 -Dsun.stderr.encoding=UTF-8 
java_command: App.DictionaryApp
java_class_path (initial): C:\Exercise\Dictionary-OOP\Application\target\classes;C:\Users\xdung\.m2\repository\net\sf\sociaal\freetts\1.2.2\freetts-1.2.2.jar;C:\Users\xdung\.m2\repository\org\openjfx\javafx-controls\17-ea+11\javafx-controls-17-ea+11.jar;C:\Users\xdung\.m2\repository\org\openjfx\javafx-controls\17-ea+11\javafx-controls-17-ea+11-win.jar;C:\Users\xdung\.m2\repository\org\openjfx\javafx-graphics\17-ea+11\javafx-graphics-17-ea+11.jar;C:\Users\xdung\.m2\repository\org\openjfx\javafx-graphics\17-ea+11\javafx-graphics-17-ea+11-win.jar;C:\Users\xdung\.m2\repository\org\openjfx\javafx-base\17-ea+11\javafx-base-17-ea+11.jar;C:\Users\xdung\.m2\repository\org\openjfx\javafx-base\17-ea+11\javafx-base-17-ea+11-win.jar;C:\Users\xdung\.m2\repository\org\openjfx\javafx-fxml\17-ea+11\javafx-fxml-17-ea+11.jar;C:\Users\xdung\.m2\repository\org\openjfx\javafx-fxml\17-ea+11\javafx-fxml-17-ea+11-win.jar;C:\Users\xdung\.m2\repository\com\googlecode\json-simple\json-simple\1.1.1\json-simple-1.1.1.jar;C:\Users\xdung\.m2\repository\junit\junit\4.10\junit-4.10.jar;C:\Users\xdung\.m2\repository\org\hamcrest\hamcrest-core\1.1\hamcrest-core-1.1.jar;C:\Users\xdung\.m2\repository\org\openjfx\javafx-web\20.0.2\javafx-web-20.0.2.jar;C:\Users\xdung\.m2\repository\org\openjfx\javafx-web\20.0.2\javafx-web-20.0.2-win.jar;C:\Users\xdung\.m2\repository\org\openjfx\javafx-media\20.0.2\javafx-media-20.0.2.jar;C:\Users\xdung\.m2\repository\org\openjfx\javafx-media\20.0.2\javafx-media-20.0.2-win.jar;C:\Users\xdung\.m2\repository\com\google\cloud\google-cloud-translate\2.24.0\google-cloud-translate-2.24.0.jar;C:\Users\xdung\.m2\repository\io\grpc\grpc-api\1.56.1\grpc-api-1.56.1.jar;C:\Users\xdung\.m2\repository\io\grpc\grpc-context\1.56.1\grpc-context-1.56.1.jar;C:\Users\xdung\.m2\repository\com\google\code\findbugs\jsr305\3.0.2\jsr305-3.0.2.jar;C:\Users\xdung\.m2\repository\com\google\errorprone\error_prone_annotations\2.18.0\error_prone_annotations-2.18.0.jar;C:\Users\xdung\.m2\repository\io\grpc\grpc-stub\1.56.1\grpc-stub-1.56.1.jar;C:\Users\xdung\.m2\repository\io\grpc\grpc-protobuf\1.56.1\grpc-protobuf-1.56.1.jar;C:\Users\xdung\.m2\repository\io\grpc\grpc-protobuf-lite\1.56.1\grpc-protobuf-lite-1.56.1.jar;C:\Users\xdung\.m2\repository\com\google\api\api-common\2.16.0\api-common-2.16.0.jar;C:\Users\xdung\.m2\repository\com\google\auto\value\auto-value-annotations\1.10.2\auto-value-annotations-1.10.2.jar;C:\Users\xdung\.m2\repository\javax\annotation\javax.annotation-api\1.3.2\javax.annotation-api-1.3.2.jar;C:\Users\xdung\.m2\repository\com\google\protobuf\protobuf-java\3.23.2\protobuf-java-3.23.2.jar;C:\Users\xdung\.m2\repository\com\google\api\grpc\proto-google-common-protos\2.24.0\proto-google-common-protos-2.24.0.jar;C:\Users\xdung\.m2\repository\com\google\api\grpc\proto-google-cloud-translate-v3beta1\0.106.0\proto-google-cloud-translate-v3beta1-0.106.0.jar;C:\Users\xdung\.m2\repository\com\google\api\grpc\proto-google-cloud-translate-v3\2.24.0\proto-google-cloud-translate-v3-2.24.0.jar;C:\Users\xdung\.m2\repository\com\google\guava\guava\32.1.2-jre\guava-32.1.2-jre.jar;C:\Users\xdung\.m2\repository\com\google\guava\failureaccess\1.0.1\failureaccess-1.0.1.jar;C:\Users\xdung\.m2\repository\com\google\guava\listenablefuture\9999.0-empty-to-avoid-conflict-with-guava\listenablefuture-9999.0-empty-to-avoid-conflict-with-guava.jar;C:\Users\xdung\.m2\repository\org\checkerframework\checker-qual\3.33.0\checker-qual-3.33.0.jar;C:\Users\xdung\.m2\repository\com\google\j2objc\j2objc-annotations\2.8\j2objc-annotations-2.8.jar;C:\Users\xdung\.m2\repository\com\google\api\gax\2.33.0\gax-2.33.0.jar;C:\Users\xdung\.m2\repository\io\opencensus\opencensus-api\0.31.1\opencensus-api-0.31.1.jar;C:\Users\xdung\.m2\repository\com\google\api\gax-grpc\2.33.0\gax-grpc-2.33.0.jar;C:\Users\xdung\.m2\repository\io\grpc\grpc-alts\1.56.1\grpc-alts-1.56.1.jar;C:\Users\xdung\.m2\repository\io\grpc\grpc-grpclb\1.56.1\grpc-grpclb-1.56.1.jar;C:\Users\xdung\.m2\repository\org\conscrypt\conscrypt-openjdk-uber\2.5.2\conscrypt-openjdk-uber-2.5.2.jar;C:\Users\xdung\.m2\repository\io\grpc\grpc-auth\1.56.1\grpc-auth-1.56.1.jar;C:\Users\xdung\.m2\repository\io\grpc\grpc-netty-shaded\1.56.1\grpc-netty-shaded-1.56.1.jar;C:\Users\xdung\.m2\repository\io\perfmark\perfmark-api\0.26.0\perfmark-api-0.26.0.jar;C:\Users\xdung\.m2\repository\io\grpc\grpc-core\1.56.1\grpc-core-1.56.1.jar;C:\Users\xdung\.m2\repository\com\google\android\annotations\4.1.1.4\annotations-4.1.1.4.jar;C:\Users\xdung\.m2\repository\org\codehaus\mojo\animal-sniffer-annotations\1.23\animal-sniffer-annotations-1.23.jar;C:\Users\xdung\.m2\repository\io\grpc\grpc-googleapis\1.56.1\grpc-googleapis-1.56.1.jar;C:\Users\xdung\.m2\repository\io\grpc\grpc-xds\1.56.1\grpc-xds-1.56.1.jar;C:\Users\xdung\.m2\repository\io\opencensus\opencensus-proto\0.2.0\opencensus-proto-0.2.0.jar;C:\Users\xdung\.m2\repository\io\grpc\grpc-services\1.56.1\grpc-services-1.56.1.jar;C:\Users\xdung\.m2\repository\com\google\re2j\re2j\1.7\re2j-1.7.jar;C:\Users\xdung\.m2\repository\com\google\api\gax-httpjson\2.33.0\gax-httpjson-2.33.0.jar;C:\Users\xdung\.m2\repository\com\google\code\gson\gson\2.10.1\gson-2.10.1.jar;C:\Users\xdung\.m2\repository\com\google\http-client\google-http-client-gson\1.43.3\google-http-client-gson-1.43.3.jar;C:\Users\xdung\.m2\repository\com\google\protobuf\protobuf-java-util\3.23.2\protobuf-java-util-3.23.2.jar;C:\Users\xdung\.m2\repository\org\threeten\threetenbp\1.6.8\threetenbp-1.6.8.jar;C:\Users\xdung\.m2\repository\com\google\cloud\google-cloud-core\2.23.0\google-cloud-core-2.23.0.jar;C:\Users\xdung\.m2\repository\com\google\api\grpc\proto-google-iam-v1\1.19.0\proto-google-iam-v1-1.19.0.jar;C:\Users\xdung\.m2\repository\com\google\cloud\google-cloud-core-http\2.23.0\google-cloud-core-http-2.23.0.jar;C:\Users\xdung\.m2\repository\com\google\api-client\google-api-client\2.2.0\google-api-client-2.2.0.jar;C:\Users\xdung\.m2\repository\commons-codec\commons-codec\1.15\commons-codec-1.15.jar;C:\Users\xdung\.m2\repository\com\google\oauth-client\google-oauth-client\1.34.1\google-oauth-client-1.34.1.jar;C:\Users\xdung\.m2\repository\com\google\http-client\google-http-client-apache-v2\1.43.3\google-http-client-apache-v2-1.43.3.jar;C:\Users\xdung\.m2\repository\com\google\http-client\google-http-client-appengine\1.43.3\google-http-client-appengine-1.43.3.jar;C:\Users\xdung\.m2\repository\io\opencensus\opencensus-contrib-http-util\0.31.1\opencensus-contrib-http-util-0.31.1.jar;C:\Users\xdung\.m2\repository\com\google\apis\google-api-services-translate\v2-rev20170525-2.0.0\google-api-services-translate-v2-rev20170525-2.0.0.jar;C:\Users\xdung\.m2\repository\com\google\auth\google-auth-library-credentials\1.19.0\google-auth-library-credentials-1.19.0.jar;C:\Users\xdung\.m2\repository\com\google\auth\google-auth-library-oauth2-http\1.19.0\google-auth-library-oauth2-http-1.19.0.jar;C:\Users\xdung\.m2\repository\com\google\http-client\google-http-client\1.43.3\google-http-client-1.43.3.jar;C:\Users\xdung\.m2\repository\org\apache\httpcomponents\httpclient\4.5.14\httpclient-4.5.14.jar;C:\Users\xdung\.m2\repository\commons-logging\commons-logging\1.2\commons-logging-1.2.jar;C:\Users\xdung\.m2\repository\org\apache\httpcomponents\httpcore\4.4.16\httpcore-4.4.16.jar;C:\Users\xdung\.m2\repository\com\google\http-client\google-http-client-jackson2\1.43.3\google-http-client-jackson2-1.43.3.jar;C:\Users\xdung\.m2\repository\com\fasterxml\jackson\core\jackson-core\2.15.2\jackson-core-2.15.2.jar;C:\Users\xdung\Downloads\jar_files\mysql-connector-java-8.0.30.jar;C:\Users\xdung\Downloads\jar_files\protobuf-java-3.19.4.jar
Launcher Type: SUN_STANDARD

[Global flags]
     intx CICompilerCount                          = 3                                         {product} {ergonomic}
     uint ConcGCThreads                            = 1                                         {product} {ergonomic}
     uint G1ConcRefinementThreads                  = 4                                         {product} {ergonomic}
   size_t G1HeapRegionSize                         = 2097152                                   {product} {ergonomic}
    uintx GCDrainStackTargetSize                   = 64                                        {product} {ergonomic}
   size_t InitialHeapSize                          = 199229440                                 {product} {ergonomic}
   size_t MarkStackSize                            = 4194304                                   {product} {ergonomic}
   size_t MaxHeapSize                              = 3187671040                                {product} {ergonomic}
   size_t MaxNewSize                               = 1912602624                                {product} {ergonomic}
   size_t MinHeapDeltaBytes                        = 2097152                                   {product} {ergonomic}
   size_t MinHeapSize                              = 8388608                                   {product} {ergonomic}
    uintx NonNMethodCodeHeapSize                   = 5832780                                {pd product} {ergonomic}
    uintx NonProfiledCodeHeapSize                  = 122912730                              {pd product} {ergonomic}
     bool PerfDisableSharedMem                     = true                                      {product} {ergonomic}
    uintx ProfiledCodeHeapSize                     = 122912730                              {pd product} {ergonomic}
    uintx ReservedCodeCacheSize                    = 251658240                              {pd product} {ergonomic}
     bool SegmentedCodeCache                       = true                                      {product} {ergonomic}
   size_t SoftMaxHeapSize                          = 3187671040                             {manageable} {ergonomic}
     bool UseCompressedOops                        = true                           {product lp64_product} {ergonomic}
     bool UseG1GC                                  = true                                      {product} {ergonomic}
     bool UseLargePagesIndividualAllocation        = false                                  {pd product} {ergonomic}

Logging:
Log output configuration:
 #0: stdout all=warning uptime,level,tags foldmultilines=false
 #1: stderr all=off uptime,level,tags foldmultilines=false

Environment Variables:
JAVA_HOME=C:\Program Files\Java\jdk-11
PATH=C:\Program Files (x86)\Common Files\Oracle\Java\javapath;C:\Program Files\OpenLogic\jdk-11.0.19.7-hotspot\bin;C:\Program Files\OpenLogic\jre-11.0.19.7-hotspot\bin;C:\WINDOWS\system32;C:\WINDOWS;C:\WINDOWS\System32\Wbem;C:\WINDOWS\System32\WindowsPowerShell\v1.0\;C:\WINDOWS\System32\OpenSSH\;C:\Program Files\PuTTY\;C:\Program Files\Git\cmd;C:\ProgramData\chocolatey\bin;C:\adb;C:\Program Files (x86)\Java\jre-1.8;C:\Users\xdung\AppData\Local\Pub\Cache\bin;C:\Users\xdung\fvm\default\bin;C:\Users\xdung\fvm\default\bin\cache\dart-sdk\bin;C:\Users\xdung\AppData\Local\Programs\Python\Python311;C:\Program Files (x86)\Common Files\Oracle\Java\javapath;C:\Program Files\OpenLogic\jdk-11.0.19.7-hotspot\bin;C:\Program Files\OpenLogic\jre-11.0.19.7-hotspot\bin;C:\WINDOWS\system32;C:\WINDOWS;C:\WINDOWS\System32\Wbem;C:\WINDOWS\System32\WindowsPowerShell\v1.0\;C:\WINDOWS\System32\OpenSSH\;C:\Program Files\PuTTY\;C:\Program Files\Git\cmd;C:\ProgramData\chocolatey\bin;C:\adb;C:\Program Files (x86)\Java\jre-1.8;C:\Users\xdung\AppData\Local\Pub\Cache\bin;C:\Users\xdung\fvm\default\bin;C:\Users\xdung\fvm\default\bin\cache\dart-sdk\bin;C:\Users\xdung\AppData\Local\Programs\Python\Python311;;C:\Users\xdung\fvm\default\bin;C:\Users\xdung\fvm\default\bin\cache\dart-sdk\bin;C:\Program Files (x86)\Java\jre-1.8;C:\Users\xdung\AppData\Local\Pub\Cache\bin;C:\Users\xdung\AppData\Local\Programs\Microsoft VS Code\bin;C:\adb;C:\Program Files\JetBrains\IntelliJ IDEA 2023.2\bin;;C:\Users\xdung\AppData\Local\GitHubDesktop\bin;C:\Users\xdung\AppData\Local\Pub\Cache\bin;C:\ProgramData\chocolatey\lib\fvm\bin\;C:\fvm\src;C:\fvm;;C:\Program Files\JetBrains\PyCharm Community Edition 2023.2.3\bin;
USERNAME=xdung
OS=Windows_NT
PROCESSOR_IDENTIFIER=Intel64 Family 6 Model 78 Stepping 3, GenuineIntel
TMP=C:\Users\xdung\AppData\Local\Temp
TEMP=C:\Users\xdung\AppData\Local\Temp




Periodic native trim disabled

---------------  S Y S T E M  ---------------

OS:
 Windows 10 , 64 bit Build 19041 (10.0.19041.3636)
OS uptime: 0 days 0:52 hours

CPU: total 4 (initial active 4) (2 cores per cpu, 2 threads per core) family 6 model 78 stepping 3 microcode 0xcc, cx8, cmov, fxsr, ht, mmx, 3dnowpref, sse, sse2, sse3, ssse3, sse4.1, sse4.2, popcnt, lzcnt, tsc, tscinvbit, avx, avx2, aes, erms, clmul, bmi1, bmi2, rtm, adx, fma, vzeroupper, clflush, clflushopt, rdtscp, f16c
Processor Information for all 4 processors :
  Max Mhz: 2496, Current Mhz: 2396, Mhz Limit: 2396

Memory: 4k page, system-wide physical 12155M (1302M free)
TotalPageFile size 23419M (AvailPageFile size 7298M)
current process WorkingSet (physical memory assigned to process): 475M, peak: 478M
current process commit charge ("private bytes"): 512M, peak: 516M

vm_info: OpenJDK 64-Bit Server VM (21.0.1+12-29) for windows-amd64 JRE (21.0.1+12-29), built on 2023-10-05T13:27:09Z by "mach5one" with MS VC++ 17.1 (VS2022)

END.
